<?xml version="1.0" encoding="UTF-8"?>
<testsuite xmlns:xsi="http://www.w3.org/2001/XMLSchema-instance" xsi:noNamespaceSchemaLocation="https://maven.apache.org/surefire/maven-surefire-plugin/xsd/surefire-test-report-3.0.xsd" version="3.0" name="com.lexicon.springws.repository.BookRepositoryTest" time="0.077" tests="3" errors="0" skipped="0" failures="0">
  <properties>
[...]
</properties>
  <testcase name="testFindByIsbnIgnoreCase" classname="com.lexicon.springws.repository.BookRepositoryTest" time="0.025">
    <system-out><![CDATA[2025-04-16T10:34:29.465+02:00 DEBUG 5488 --- [           main] o.s.t.c.support.AbstractContextLoader    : Could not detect default resource locations for test class [com.lexicon.springws.repository.BookRepositoryTest]: no resource found for suffixes {-context.xml, Context.groovy}.
2025-04-16T10:34:29.466+02:00 DEBUG 5488 --- [           main] b.t.a.o.j.DataJpaTestContextBootstrapper : Using ContextCustomizerFactory implementations for test class [BookRepositoryTest]: [ImportsContextCustomizerFactory, ExcludeFilterContextCustomizerFactory, HttpGraphQlTesterContextCustomizerFactory, DuplicateJsonObjectContextCustomizerFactory, MockitoContextCustomizerFactory, TestRestTemplateContextCustomizerFactory, WebTestClientContextCustomizerFactory, OverrideAutoConfigurationContextCustomizerFactory, ObservabilityContextCustomizerFactory, TypeExcludeFiltersContextCustomizerFactory, PropertyMappingContextCustomizerFactory, WebDriverContextCustomizerFactory, MockServerContainerContextCustomizerFactory, DynamicPropertiesContextCustomizerFactory]
2025-04-16T10:34:29.476+02:00 DEBUG 5488 --- [           main] b.t.a.o.j.DataJpaTestContextBootstrapper : Using ContextCustomizers for test class [BookRepositoryTest]: [ImportsContextCustomizer, ExcludeFilterContextCustomizer, DuplicateJsonObjectContextCustomizer, MockitoContextCustomizer, DisableAutoConfigurationContextCustomizer, DisableObservabilityContextCustomizer, TypeExcludeFiltersContextCustomizer, PropertyMappingContextCustomizer, WebDriverContextCustomizer]
2025-04-16T10:34:29.478+02:00 DEBUG 5488 --- [           main] .s.t.c.u.TestContextSpringFactoriesUtils : Skipping candidate TestExecutionListener [org.springframework.test.context.observation.MicrometerObservationRegistryTestExecutionListener] due to a missing dependency. Specify custom TestExecutionListener classes or make the default TestExecutionListener classes and their required dependencies available. Offending class: io.micrometer.context.ThreadLocalAccessor. MicrometerObservationRegistryTestExecutionListener requires io.micrometer:micrometer-observation:1.10.8 or higher and io.micrometer:context-propagation:1.0.3 or higher.
2025-04-16T10:34:29.478+02:00 DEBUG 5488 --- [           main] b.t.a.o.j.DataJpaTestContextBootstrapper : Using TestExecutionListeners for test class [BookRepositoryTest]: [ServletTestExecutionListener, DirtiesContextBeforeModesTestExecutionListener, ApplicationEventsTestExecutionListener, MockitoTestExecutionListener, DependencyInjectionTestExecutionListener, DirtiesContextTestExecutionListener, TransactionalTestExecutionListener, SqlScriptsTestExecutionListener, EventPublishingTestExecutionListener, ResetMocksTestExecutionListener, RestDocsTestExecutionListener, MockRestServiceServerResetTestExecutionListener, MockMvcPrintOnlyOnFailureTestExecutionListener, WebDriverTestExecutionListener, MockWebServiceServerTestExecutionListener]
2025-04-16T10:34:29.478+02:00 DEBUG 5488 --- [           main] sContextBeforeModesTestExecutionListener : Before test class: class [BookRepositoryTest], class annotated with @DirtiesContext [false] with mode [null]
2025-04-16T10:34:29.479+02:00 DEBUG 5488 --- [           main] org.springframework.test.context.cache   : Spring test ApplicationContext cache statistics: [DefaultContextCache@402adc9c size = 2, maxSize = 32, parentContextCount = 0, hitCount = 145, missCount = 2, failureCount = 0]
2025-04-16T10:34:29.479+02:00 DEBUG 5488 --- [           main] DependencyInjectionTestExecutionListener : Performing dependency injection for test class com.lexicon.springws.repository.BookRepositoryTest
2025-04-16T10:34:29.479+02:00 DEBUG 5488 --- [           main] org.springframework.test.context.cache   : Spring test ApplicationContext cache statistics: [DefaultContextCache@402adc9c size = 2, maxSize = 32, parentContextCount = 0, hitCount = 146, missCount = 2, failureCount = 0]
2025-04-16T10:34:29.480+02:00 DEBUG 5488 --- [           main] org.springframework.test.context.cache   : Spring test ApplicationContext cache statistics: [DefaultContextCache@402adc9c size = 2, maxSize = 32, parentContextCount = 0, hitCount = 147, missCount = 2, failureCount = 0]
2025-04-16T10:34:29.481+02:00 DEBUG 5488 --- [           main] sContextBeforeModesTestExecutionListener : Before test method: class [BookRepositoryTest], method [testFindByIsbnIgnoreCase], class annotated with @DirtiesContext [false] with mode [null], method annotated with @DirtiesContext [false] with mode [null]
2025-04-16T10:34:29.481+02:00 DEBUG 5488 --- [           main] t.c.t.TransactionalTestExecutionListener : Explicit transaction definition [PROPAGATION_REQUIRED,ISOLATION_DEFAULT] found for test class [com.lexicon.springws.repository.BookRepositoryTest] and test method [testFindByIsbnIgnoreCase]
2025-04-16T10:34:29.481+02:00 DEBUG 5488 --- [           main] org.springframework.test.context.cache   : Spring test ApplicationContext cache statistics: [DefaultContextCache@402adc9c size = 2, maxSize = 32, parentContextCount = 0, hitCount = 148, missCount = 2, failureCount = 0]
2025-04-16T10:34:29.481+02:00 DEBUG 5488 --- [           main] t.c.t.TransactionalTestExecutionListener : No method-level @Rollback override: using default rollback [true] for test method [public void com.lexicon.springws.repository.BookRepositoryTest.testFindByIsbnIgnoreCase()]
2025-04-16T10:34:29.481+02:00 DEBUG 5488 --- [           main] o.s.orm.jpa.JpaTransactionManager        : Creating new transaction with name [com.lexicon.springws.repository.BookRepositoryTest.testFindByIsbnIgnoreCase]: PROPAGATION_REQUIRED,ISOLATION_DEFAULT
2025-04-16T10:34:29.481+02:00 DEBUG 5488 --- [           main] o.s.orm.jpa.JpaTransactionManager        : Opened new EntityManager [SessionImpl(1988464942<open>)] for JPA transaction
2025-04-16T10:34:29.481+02:00 DEBUG 5488 --- [           main] o.h.e.t.internal.TransactionImpl         : On TransactionImpl creation, JpaCompliance#isJpaTransactionComplianceEnabled == false
2025-04-16T10:34:29.481+02:00 DEBUG 5488 --- [           main] o.h.e.t.internal.TransactionImpl         : begin
2025-04-16T10:34:29.481+02:00 DEBUG 5488 --- [           main] o.s.j.datasource.SimpleDriverDataSource  : Creating new JDBC Driver Connection to [jdbc:h2:mem:312398af-d95c-42bc-b737-6cb4d2803edc;DB_CLOSE_DELAY=-1;DB_CLOSE_ON_EXIT=false]
2025-04-16T10:34:29.482+02:00 DEBUG 5488 --- [           main] o.s.orm.jpa.JpaTransactionManager        : Exposing JPA transaction as JDBC [org.springframework.orm.jpa.vendor.HibernateJpaDialect$HibernateConnectionHandle@17856f0]
2025-04-16T10:34:29.482+02:00 DEBUG 5488 --- [           main] o.s.t.c.transaction.TransactionContext   : Began transaction (1) for test class [com.lexicon.springws.repository.BookRepositoryTest]; test method [testFindByIsbnIgnoreCase]; transaction manager [org.springframework.orm.jpa.JpaTransactionManager@1d5e0621]; rollback [true]
2025-04-16T10:34:29.482+02:00 DEBUG 5488 --- [           main] org.springframework.test.context.cache   : Spring test ApplicationContext cache statistics: [DefaultContextCache@402adc9c size = 2, maxSize = 32, parentContextCount = 0, hitCount = 149, missCount = 2, failureCount = 0]
2025-04-16T10:34:29.482+02:00 DEBUG 5488 --- [           main] org.springframework.test.context.cache   : Spring test ApplicationContext cache statistics: [DefaultContextCache@402adc9c size = 2, maxSize = 32, parentContextCount = 0, hitCount = 150, missCount = 2, failureCount = 0]
2025-04-16T10:34:29.483+02:00 DEBUG 5488 --- [           main] org.springframework.test.context.cache   : Spring test ApplicationContext cache statistics: [DefaultContextCache@402adc9c size = 2, maxSize = 32, parentContextCount = 0, hitCount = 151, missCount = 2, failureCount = 0]
2025-04-16T10:34:29.484+02:00 DEBUG 5488 --- [           main] org.hibernate.engine.spi.ActionQueue     : Executing identity-insert immediately
2025-04-16T10:34:29.484+02:00 DEBUG 5488 --- [           main] org.hibernate.SQL                        : 
    insert 
    into
        author
        (email, name, author_id) 
    values
        (?, ?, default)
Hibernate: 
    insert 
    into
        author
        (email, name, author_id) 
    values
        (?, ?, default)
2025-04-16T10:34:29.485+02:00 DEBUG 5488 --- [           main] o.h.id.IdentifierGeneratorHelper         : Natively generated identity (com.lexicon.springws.entity.Author) : 8
2025-04-16T10:34:29.486+02:00 DEBUG 5488 --- [           main] o.h.e.i.AbstractFlushingEventListener    : Processing flush-time cascades
2025-04-16T10:34:29.486+02:00 DEBUG 5488 --- [           main] o.h.e.i.AbstractFlushingEventListener    : Dirty checking collections
2025-04-16T10:34:29.486+02:00 DEBUG 5488 --- [           main] o.hibernate.engine.internal.Collections  : Collection found: [com.lexicon.springws.entity.Author.books#8], was: [<unreferenced>] (initialized)
2025-04-16T10:34:29.486+02:00 DEBUG 5488 --- [           main] o.h.e.i.AbstractFlushingEventListener    : Flushed: 0 insertions, 0 updates, 0 deletions to 1 objects
2025-04-16T10:34:29.486+02:00 DEBUG 5488 --- [           main] o.h.e.i.AbstractFlushingEventListener    : Flushed: 1 (re)creations, 0 updates, 0 removals to 1 collections
2025-04-16T10:34:29.486+02:00 DEBUG 5488 --- [           main] o.hibernate.internal.util.EntityPrinter  : Listing entities:
2025-04-16T10:34:29.486+02:00 DEBUG 5488 --- [           main] o.hibernate.internal.util.EntityPrinter  : com.lexicon.springws.entity.Author{books=[], name=Test Author, authorId=8, email=test@example.com}
2025-04-16T10:34:29.486+02:00 DEBUG 5488 --- [           main] org.hibernate.engine.spi.ActionQueue     : Executing identity-insert immediately
2025-04-16T10:34:29.486+02:00 DEBUG 5488 --- [           main] org.hibernate.SQL                        : 
    insert 
    into
        books
        (author_id, available, isbn, max_loan_days, title, id) 
    values
        (?, ?, ?, ?, ?, default)
Hibernate: 
    insert 
    into
        books
        (author_id, available, isbn, max_loan_days, title, id) 
    values
        (?, ?, ?, ?, ?, default)
2025-04-16T10:34:29.487+02:00 DEBUG 5488 --- [           main] o.h.id.IdentifierGeneratorHelper         : Natively generated identity (com.lexicon.springws.entity.Book) : 8
2025-04-16T10:34:29.487+02:00 DEBUG 5488 --- [           main] org.hibernate.engine.spi.ActionQueue     : Executing identity-insert immediately
2025-04-16T10:34:29.487+02:00 DEBUG 5488 --- [           main] org.hibernate.SQL                        : 
    insert 
    into
        books
        (author_id, available, isbn, max_loan_days, title, id) 
    values
        (?, ?, ?, ?, ?, default)
Hibernate: 
    insert 
    into
        books
        (author_id, available, isbn, max_loan_days, title, id) 
    values
        (?, ?, ?, ?, ?, default)
2025-04-16T10:34:29.488+02:00 DEBUG 5488 --- [           main] o.h.id.IdentifierGeneratorHelper         : Natively generated identity (com.lexicon.springws.entity.Book) : 9
2025-04-16T10:34:29.488+02:00 DEBUG 5488 --- [           main] o.h.e.i.AbstractFlushingEventListener    : Processing flush-time cascades
2025-04-16T10:34:29.488+02:00 DEBUG 5488 --- [           main] o.h.e.i.AbstractFlushingEventListener    : Dirty checking collections
2025-04-16T10:34:29.488+02:00 DEBUG 5488 --- [           main] o.hibernate.engine.internal.Collections  : Collection found: [com.lexicon.springws.entity.Author.books#8], was: [com.lexicon.springws.entity.Author.books#8] (initialized)
2025-04-16T10:34:29.488+02:00 DEBUG 5488 --- [           main] o.hibernate.engine.internal.Collections  : Collection found: [com.lexicon.springws.entity.Book.bookLoans#8], was: [<unreferenced>] (initialized)
2025-04-16T10:34:29.488+02:00 DEBUG 5488 --- [           main] o.hibernate.engine.internal.Collections  : Collection found: [com.lexicon.springws.entity.Book.bookLoans#9], was: [<unreferenced>] (initialized)
2025-04-16T10:34:29.488+02:00 DEBUG 5488 --- [           main] o.h.e.i.AbstractFlushingEventListener    : Flushed: 0 insertions, 0 updates, 0 deletions to 3 objects
2025-04-16T10:34:29.488+02:00 DEBUG 5488 --- [           main] o.h.e.i.AbstractFlushingEventListener    : Flushed: 2 (re)creations, 0 updates, 0 removals to 3 collections
2025-04-16T10:34:29.488+02:00 DEBUG 5488 --- [           main] o.hibernate.internal.util.EntityPrinter  : Listing entities:
2025-04-16T10:34:29.488+02:00 DEBUG 5488 --- [           main] o.hibernate.internal.util.EntityPrinter  : com.lexicon.springws.entity.Author{books=[], name=Test Author, authorId=8, email=test@example.com}
2025-04-16T10:34:29.488+02:00 DEBUG 5488 --- [           main] o.hibernate.internal.util.EntityPrinter  : com.lexicon.springws.entity.Book{maxLoanDays=14, author=com.lexicon.springws.entity.Author#8, isbn=ISBN-TEST-001, available=true, bookLoans=[], id=8, title=Test Book 1}
2025-04-16T10:34:29.488+02:00 DEBUG 5488 --- [           main] o.hibernate.internal.util.EntityPrinter  : com.lexicon.springws.entity.Book{maxLoanDays=14, author=com.lexicon.springws.entity.Author#8, isbn=ISBN-TEST-002, available=true, bookLoans=[], id=9, title=Test Book 2}
2025-04-16T10:34:29.490+02:00 DEBUG 5488 --- [           main] org.hibernate.orm.sql.ast.create         : Created new SQL alias : b1_0
2025-04-16T10:34:29.490+02:00 DEBUG 5488 --- [           main] org.hibernate.orm.sql.ast.create         : Registration of TableGroup [StandardTableGroup(com.lexicon.springws.entity.Book(83591136179200))] with identifierForTableGroup [com.lexicon.springws.entity.Book] for NavigablePath [com.lexicon.springws.entity.Book] 
2025-04-16T10:34:29.490+02:00 DEBUG 5488 --- [           main] org.hibernate.orm.sql.ast.create         : Registration of TableGroup [org.hibernate.sql.ast.tree.from.LazyTableGroup@1b6824c1] with identifierForTableGroup [com.lexicon.springws.entity.Book.author] for NavigablePath [com.lexicon.springws.entity.Book.author] 
2025-04-16T10:34:29.492+02:00 DEBUG 5488 --- [           main] o.h.q.sqm.sql.BaseSqmToSqlAstConverter   : Determining mapping-model type for SqmParameter : org.hibernate.query.sqm.tree.expression.SqmJpaCriteriaParameterWrapper@6970687e
2025-04-16T10:34:29.492+02:00 DEBUG 5488 --- [           main] org.hibernate.orm.results.graph.AST      : DomainResult Graph:
 \-EntityResultImpl [com.lexicon.springws.entity.Book(83591136179200)]
 |  +-CircularFetchImpl [com.lexicon.springws.entity.Book(83591136179200).author]
 |  +-BasicFetch [com.lexicon.springws.entity.Book(83591136179200).available]
 |  +-DelayedCollectionFetch [com.lexicon.springws.entity.Book(83591136179200).bookLoans]
 |  +-BasicFetch [com.lexicon.springws.entity.Book(83591136179200).isbn]
 |  +-BasicFetch [com.lexicon.springws.entity.Book(83591136179200).maxLoanDays]
 |  \-BasicFetch [com.lexicon.springws.entity.Book(83591136179200).title]

2025-04-16T10:34:29.492+02:00 DEBUG 5488 --- [           main] org.hibernate.orm.sql.ast.tree           : SQL AST Tree:
    SelectStatement {
      FromClause {
        StandardTableGroup (b1 : com.lexicon.springws.entity.Book(83591136179200)) {
          primaryTableReference : books as b1_0
          TableGroupJoins {
            left  join LazyTableGroup (a1 : com.lexicon.springws.entity.Book(83591136179200).author) {
            }
          }
        }
      }
    }

2025-04-16T10:34:29.493+02:00 DEBUG 5488 --- [           main] o.h.e.i.AbstractFlushingEventListener    : Processing flush-time cascades
2025-04-16T10:34:29.493+02:00 DEBUG 5488 --- [           main] o.h.e.i.AbstractFlushingEventListener    : Dirty checking collections
2025-04-16T10:34:29.493+02:00 DEBUG 5488 --- [           main] o.hibernate.engine.internal.Collections  : Collection found: [com.lexicon.springws.entity.Author.books#8], was: [com.lexicon.springws.entity.Author.books#8] (initialized)
2025-04-16T10:34:29.493+02:00 DEBUG 5488 --- [           main] o.hibernate.engine.internal.Collections  : Collection found: [com.lexicon.springws.entity.Book.bookLoans#8], was: [com.lexicon.springws.entity.Book.bookLoans#8] (initialized)
2025-04-16T10:34:29.493+02:00 DEBUG 5488 --- [           main] o.hibernate.engine.internal.Collections  : Collection found: [com.lexicon.springws.entity.Book.bookLoans#9], was: [com.lexicon.springws.entity.Book.bookLoans#9] (initialized)
2025-04-16T10:34:29.493+02:00 DEBUG 5488 --- [           main] o.h.e.i.AbstractFlushingEventListener    : Flushed: 0 insertions, 0 updates, 0 deletions to 3 objects
2025-04-16T10:34:29.493+02:00 DEBUG 5488 --- [           main] o.h.e.i.AbstractFlushingEventListener    : Flushed: 0 (re)creations, 0 updates, 0 removals to 3 collections
2025-04-16T10:34:29.493+02:00 DEBUG 5488 --- [           main] o.hibernate.internal.util.EntityPrinter  : Listing entities:
2025-04-16T10:34:29.493+02:00 DEBUG 5488 --- [           main] o.hibernate.internal.util.EntityPrinter  : com.lexicon.springws.entity.Author{books=[], name=Test Author, authorId=8, email=test@example.com}
2025-04-16T10:34:29.493+02:00 DEBUG 5488 --- [           main] o.hibernate.internal.util.EntityPrinter  : com.lexicon.springws.entity.Book{maxLoanDays=14, author=com.lexicon.springws.entity.Author#8, isbn=ISBN-TEST-001, available=true, bookLoans=[], id=8, title=Test Book 1}
2025-04-16T10:34:29.493+02:00 DEBUG 5488 --- [           main] o.hibernate.internal.util.EntityPrinter  : com.lexicon.springws.entity.Book{maxLoanDays=14, author=com.lexicon.springws.entity.Author#8, isbn=ISBN-TEST-002, available=true, bookLoans=[], id=9, title=Test Book 2}
2025-04-16T10:34:29.494+02:00 DEBUG 5488 --- [           main] org.hibernate.orm.sql.exec               : Skipping reading Query result cache data: cache-enabled = false, cache-mode = NORMAL
2025-04-16T10:34:29.494+02:00 DEBUG 5488 --- [           main] org.hibernate.orm.results                : Initializer list:
	  com.lexicon.springws.entity.Book(83591136179200).bookLoans -> DelayedCollectionInitializer(com.lexicon.springws.entity.Book(83591136179200).bookLoans)@1434375322 (PluralAttribute(com.lexicon.springws.entity.Book.bookLoans))
	  com.lexicon.springws.entity.Book(83591136179200) -> EntityResultInitializer(com.lexicon.springws.entity.Book(83591136179200))@763597826 (SingleTableEntityPersister(com.lexicon.springws.entity.Book))
	  com.lexicon.springws.entity.Book(83591136179200).author -> EntityDelayedFetchInitializer(com.lexicon.springws.entity.Book(83591136179200).author)@741087120 (ToOneAttributeMapping(NavigableRole[com.lexicon.springws.entity.Book.author])@1437069487)

2025-04-16T10:34:29.494+02:00 DEBUG 5488 --- [           main] org.hibernate.SQL                        : 
    select
        b1_0.id,
        b1_0.author_id,
        b1_0.available,
        b1_0.isbn,
        b1_0.max_loan_days,
        b1_0.title 
    from
        books b1_0 
    where
        upper(b1_0.isbn)=upper(?)
Hibernate: 
    select
        b1_0.id,
        b1_0.author_id,
        b1_0.available,
        b1_0.isbn,
        b1_0.max_loan_days,
        b1_0.title 
    from
        books b1_0 
    where
        upper(b1_0.isbn)=upper(?)
2025-04-16T10:34:29.495+02:00 DEBUG 5488 --- [           main] org.hibernate.orm.results                : Extracted JDBC value [0] - [8]
2025-04-16T10:34:29.495+02:00 DEBUG 5488 --- [           main] o.hibernate.orm.results.loading.entity   : (EntityResultInitializer) Hydrated EntityKey (com.lexicon.springws.entity.Book(83591136179200)): 8
2025-04-16T10:34:29.495+02:00 DEBUG 5488 --- [           main] org.hibernate.orm.results                : Extracted JDBC value [0] - [8]
2025-04-16T10:34:29.495+02:00 DEBUG 5488 --- [           main] o.h.o.r.l.o.h.o.r.loading.collection     : (DelayedCollectionInitializer) Current row collection key : com.lexicon.springws.entity.Book(83591136179200).bookLoans#8
2025-04-16T10:34:29.495+02:00 DEBUG 5488 --- [           main] org.hibernate.orm.results.loading        : Calling top-level assembler (0 / 1) : org.hibernate.sql.results.graph.entity.internal.EntityAssembler@5769679b
2025-04-16T10:34:29.496+02:00 DEBUG 5488 --- [           main] org.hibernate.orm.sql.ast.create         : Created new SQL alias : b1_0
2025-04-16T10:34:29.496+02:00 DEBUG 5488 --- [           main] org.hibernate.orm.sql.ast.create         : Registration of TableGroup [StandardTableGroup(com.lexicon.springws.entity.Book(83591136179200))] with identifierForTableGroup [com.lexicon.springws.entity.Book] for NavigablePath [com.lexicon.springws.entity.Book] 
2025-04-16T10:34:29.496+02:00 DEBUG 5488 --- [           main] org.hibernate.orm.sql.ast.create         : Registration of TableGroup [org.hibernate.sql.ast.tree.from.LazyTableGroup@5fdfa35d] with identifierForTableGroup [com.lexicon.springws.entity.Book.author] for NavigablePath [com.lexicon.springws.entity.Book.author] 
2025-04-16T10:34:29.497+02:00 DEBUG 5488 --- [           main] o.h.q.sqm.sql.BaseSqmToSqlAstConverter   : Determining mapping-model type for SqmParameter : org.hibernate.query.sqm.tree.expression.SqmJpaCriteriaParameterWrapper@2ef89e43
2025-04-16T10:34:29.497+02:00 DEBUG 5488 --- [           main] org.hibernate.orm.results.graph.AST      : DomainResult Graph:
 \-EntityResultImpl [com.lexicon.springws.entity.Book(83591136179200)]
 |  +-CircularFetchImpl [com.lexicon.springws.entity.Book(83591136179200).author]
 |  +-BasicFetch [com.lexicon.springws.entity.Book(83591136179200).available]
 |  +-DelayedCollectionFetch [com.lexicon.springws.entity.Book(83591136179200).bookLoans]
 |  +-BasicFetch [com.lexicon.springws.entity.Book(83591136179200).isbn]
 |  +-BasicFetch [com.lexicon.springws.entity.Book(83591136179200).maxLoanDays]
 |  \-BasicFetch [com.lexicon.springws.entity.Book(83591136179200).title]

2025-04-16T10:34:29.497+02:00 DEBUG 5488 --- [           main] org.hibernate.orm.sql.ast.tree           : SQL AST Tree:
    SelectStatement {
      FromClause {
        StandardTableGroup (b1 : com.lexicon.springws.entity.Book(83591136179200)) {
          primaryTableReference : books as b1_0
          TableGroupJoins {
            left  join LazyTableGroup (a1 : com.lexicon.springws.entity.Book(83591136179200).author) {
            }
          }
        }
      }
    }

2025-04-16T10:34:29.497+02:00 DEBUG 5488 --- [           main] o.h.e.i.AbstractFlushingEventListener    : Processing flush-time cascades
2025-04-16T10:34:29.497+02:00 DEBUG 5488 --- [           main] o.h.e.i.AbstractFlushingEventListener    : Dirty checking collections
2025-04-16T10:34:29.497+02:00 DEBUG 5488 --- [           main] o.hibernate.engine.internal.Collections  : Collection found: [com.lexicon.springws.entity.Author.books#8], was: [com.lexicon.springws.entity.Author.books#8] (initialized)
2025-04-16T10:34:29.497+02:00 DEBUG 5488 --- [           main] o.hibernate.engine.internal.Collections  : Collection found: [com.lexicon.springws.entity.Book.bookLoans#8], was: [com.lexicon.springws.entity.Book.bookLoans#8] (initialized)
2025-04-16T10:34:29.497+02:00 DEBUG 5488 --- [           main] o.hibernate.engine.internal.Collections  : Collection found: [com.lexicon.springws.entity.Book.bookLoans#9], was: [com.lexicon.springws.entity.Book.bookLoans#9] (initialized)
2025-04-16T10:34:29.497+02:00 DEBUG 5488 --- [           main] o.h.e.i.AbstractFlushingEventListener    : Flushed: 0 insertions, 0 updates, 0 deletions to 3 objects
2025-04-16T10:34:29.497+02:00 DEBUG 5488 --- [           main] o.h.e.i.AbstractFlushingEventListener    : Flushed: 0 (re)creations, 0 updates, 0 removals to 3 collections
2025-04-16T10:34:29.497+02:00 DEBUG 5488 --- [           main] o.hibernate.internal.util.EntityPrinter  : Listing entities:
2025-04-16T10:34:29.497+02:00 DEBUG 5488 --- [           main] o.hibernate.internal.util.EntityPrinter  : com.lexicon.springws.entity.Author{books=[], name=Test Author, authorId=8, email=test@example.com}
2025-04-16T10:34:29.497+02:00 DEBUG 5488 --- [           main] o.hibernate.internal.util.EntityPrinter  : com.lexicon.springws.entity.Book{maxLoanDays=14, author=com.lexicon.springws.entity.Author#8, isbn=ISBN-TEST-001, available=true, bookLoans=[], id=8, title=Test Book 1}
2025-04-16T10:34:29.497+02:00 DEBUG 5488 --- [           main] o.hibernate.internal.util.EntityPrinter  : com.lexicon.springws.entity.Book{maxLoanDays=14, author=com.lexicon.springws.entity.Author#8, isbn=ISBN-TEST-002, available=true, bookLoans=[], id=9, title=Test Book 2}
2025-04-16T10:34:29.497+02:00 DEBUG 5488 --- [           main] org.hibernate.orm.sql.exec               : Skipping reading Query result cache data: cache-enabled = false, cache-mode = NORMAL
2025-04-16T10:34:29.497+02:00 DEBUG 5488 --- [           main] org.hibernate.orm.results                : Initializer list:
	  com.lexicon.springws.entity.Book(83591136179200).bookLoans -> DelayedCollectionInitializer(com.lexicon.springws.entity.Book(83591136179200).bookLoans)@695653925 (PluralAttribute(com.lexicon.springws.entity.Book.bookLoans))
	  com.lexicon.springws.entity.Book(83591136179200) -> EntityResultInitializer(com.lexicon.springws.entity.Book(83591136179200))@1765473489 (SingleTableEntityPersister(com.lexicon.springws.entity.Book))
	  com.lexicon.springws.entity.Book(83591136179200).author -> EntityDelayedFetchInitializer(com.lexicon.springws.entity.Book(83591136179200).author)@1272803296 (ToOneAttributeMapping(NavigableRole[com.lexicon.springws.entity.Book.author])@1437069487)

2025-04-16T10:34:29.499+02:00 DEBUG 5488 --- [           main] org.hibernate.SQL                        : 
    select
        b1_0.id,
        b1_0.author_id,
        b1_0.available,
        b1_0.isbn,
        b1_0.max_loan_days,
        b1_0.title 
    from
        books b1_0 
    where
        upper(b1_0.isbn)=upper(?)
Hibernate: 
    select
        b1_0.id,
        b1_0.author_id,
        b1_0.available,
        b1_0.isbn,
        b1_0.max_loan_days,
        b1_0.title 
    from
        books b1_0 
    where
        upper(b1_0.isbn)=upper(?)
2025-04-16T10:34:29.499+02:00 DEBUG 5488 --- [           main] org.hibernate.orm.results                : Extracted JDBC value [0] - [8]
2025-04-16T10:34:29.499+02:00 DEBUG 5488 --- [           main] o.hibernate.orm.results.loading.entity   : (EntityResultInitializer) Hydrated EntityKey (com.lexicon.springws.entity.Book(83591136179200)): 8
2025-04-16T10:34:29.499+02:00 DEBUG 5488 --- [           main] org.hibernate.orm.results                : Extracted JDBC value [0] - [8]
2025-04-16T10:34:29.499+02:00 DEBUG 5488 --- [           main] o.h.o.r.l.o.h.o.r.loading.collection     : (DelayedCollectionInitializer) Current row collection key : com.lexicon.springws.entity.Book(83591136179200).bookLoans#8
2025-04-16T10:34:29.499+02:00 DEBUG 5488 --- [           main] org.hibernate.orm.results.loading        : Calling top-level assembler (0 / 1) : org.hibernate.sql.results.graph.entity.internal.EntityAssembler@1b1434ce
2025-04-16T10:34:29.500+02:00 DEBUG 5488 --- [           main] org.hibernate.orm.sql.ast.create         : Created new SQL alias : b1_0
2025-04-16T10:34:29.500+02:00 DEBUG 5488 --- [           main] org.hibernate.orm.sql.ast.create         : Registration of TableGroup [StandardTableGroup(com.lexicon.springws.entity.Book(83591136179200))] with identifierForTableGroup [com.lexicon.springws.entity.Book] for NavigablePath [com.lexicon.springws.entity.Book] 
2025-04-16T10:34:29.500+02:00 DEBUG 5488 --- [           main] org.hibernate.orm.sql.ast.create         : Registration of TableGroup [org.hibernate.sql.ast.tree.from.LazyTableGroup@65640109] with identifierForTableGroup [com.lexicon.springws.entity.Book.author] for NavigablePath [com.lexicon.springws.entity.Book.author] 
2025-04-16T10:34:29.500+02:00 DEBUG 5488 --- [           main] o.h.q.sqm.sql.BaseSqmToSqlAstConverter   : Determining mapping-model type for SqmParameter : org.hibernate.query.sqm.tree.expression.SqmJpaCriteriaParameterWrapper@3b96ea23
2025-04-16T10:34:29.501+02:00 DEBUG 5488 --- [           main] org.hibernate.orm.results.graph.AST      : DomainResult Graph:
 \-EntityResultImpl [com.lexicon.springws.entity.Book(83591136179200)]
 |  +-CircularFetchImpl [com.lexicon.springws.entity.Book(83591136179200).author]
 |  +-BasicFetch [com.lexicon.springws.entity.Book(83591136179200).available]
 |  +-DelayedCollectionFetch [com.lexicon.springws.entity.Book(83591136179200).bookLoans]
 |  +-BasicFetch [com.lexicon.springws.entity.Book(83591136179200).isbn]
 |  +-BasicFetch [com.lexicon.springws.entity.Book(83591136179200).maxLoanDays]
 |  \-BasicFetch [com.lexicon.springws.entity.Book(83591136179200).title]

2025-04-16T10:34:29.501+02:00 DEBUG 5488 --- [           main] org.hibernate.orm.sql.ast.tree           : SQL AST Tree:
    SelectStatement {
      FromClause {
        StandardTableGroup (b1 : com.lexicon.springws.entity.Book(83591136179200)) {
          primaryTableReference : books as b1_0
          TableGroupJoins {
            left  join LazyTableGroup (a1 : com.lexicon.springws.entity.Book(83591136179200).author) {
            }
          }
        }
      }
    }

2025-04-16T10:34:29.501+02:00 DEBUG 5488 --- [           main] o.h.e.i.AbstractFlushingEventListener    : Processing flush-time cascades
2025-04-16T10:34:29.501+02:00 DEBUG 5488 --- [           main] o.h.e.i.AbstractFlushingEventListener    : Dirty checking collections
2025-04-16T10:34:29.501+02:00 DEBUG 5488 --- [           main] o.hibernate.engine.internal.Collections  : Collection found: [com.lexicon.springws.entity.Author.books#8], was: [com.lexicon.springws.entity.Author.books#8] (initialized)
2025-04-16T10:34:29.501+02:00 DEBUG 5488 --- [           main] o.hibernate.engine.internal.Collections  : Collection found: [com.lexicon.springws.entity.Book.bookLoans#8], was: [com.lexicon.springws.entity.Book.bookLoans#8] (initialized)
2025-04-16T10:34:29.502+02:00 DEBUG 5488 --- [           main] o.hibernate.engine.internal.Collections  : Collection found: [com.lexicon.springws.entity.Book.bookLoans#9], was: [com.lexicon.springws.entity.Book.bookLoans#9] (initialized)
2025-04-16T10:34:29.502+02:00 DEBUG 5488 --- [           main] o.h.e.i.AbstractFlushingEventListener    : Flushed: 0 insertions, 0 updates, 0 deletions to 3 objects
2025-04-16T10:34:29.502+02:00 DEBUG 5488 --- [           main] o.h.e.i.AbstractFlushingEventListener    : Flushed: 0 (re)creations, 0 updates, 0 removals to 3 collections
2025-04-16T10:34:29.502+02:00 DEBUG 5488 --- [           main] o.hibernate.internal.util.EntityPrinter  : Listing entities:
2025-04-16T10:34:29.502+02:00 DEBUG 5488 --- [           main] o.hibernate.internal.util.EntityPrinter  : com.lexicon.springws.entity.Author{books=[], name=Test Author, authorId=8, email=test@example.com}
2025-04-16T10:34:29.502+02:00 DEBUG 5488 --- [           main] o.hibernate.internal.util.EntityPrinter  : com.lexicon.springws.entity.Book{maxLoanDays=14, author=com.lexicon.springws.entity.Author#8, isbn=ISBN-TEST-001, available=true, bookLoans=[], id=8, title=Test Book 1}
2025-04-16T10:34:29.502+02:00 DEBUG 5488 --- [           main] o.hibernate.internal.util.EntityPrinter  : com.lexicon.springws.entity.Book{maxLoanDays=14, author=com.lexicon.springws.entity.Author#8, isbn=ISBN-TEST-002, available=true, bookLoans=[], id=9, title=Test Book 2}
2025-04-16T10:34:29.502+02:00 DEBUG 5488 --- [           main] org.hibernate.orm.sql.exec               : Skipping reading Query result cache data: cache-enabled = false, cache-mode = NORMAL
2025-04-16T10:34:29.502+02:00 DEBUG 5488 --- [           main] org.hibernate.orm.results                : Initializer list:
	  com.lexicon.springws.entity.Book(83591136179200).bookLoans -> DelayedCollectionInitializer(com.lexicon.springws.entity.Book(83591136179200).bookLoans)@1395115267 (PluralAttribute(com.lexicon.springws.entity.Book.bookLoans))
	  com.lexicon.springws.entity.Book(83591136179200) -> EntityResultInitializer(com.lexicon.springws.entity.Book(83591136179200))@188862124 (SingleTableEntityPersister(com.lexicon.springws.entity.Book))
	  com.lexicon.springws.entity.Book(83591136179200).author -> EntityDelayedFetchInitializer(com.lexicon.springws.entity.Book(83591136179200).author)@1323887236 (ToOneAttributeMapping(NavigableRole[com.lexicon.springws.entity.Book.author])@1437069487)

2025-04-16T10:34:29.502+02:00 DEBUG 5488 --- [           main] org.hibernate.SQL                        : 
    select
        b1_0.id,
        b1_0.author_id,
        b1_0.available,
        b1_0.isbn,
        b1_0.max_loan_days,
        b1_0.title 
    from
        books b1_0 
    where
        upper(b1_0.isbn)=upper(?)
Hibernate: 
    select
        b1_0.id,
        b1_0.author_id,
        b1_0.available,
        b1_0.isbn,
        b1_0.max_loan_days,
        b1_0.title 
    from
        books b1_0 
    where
        upper(b1_0.isbn)=upper(?)
2025-04-16T10:34:29.503+02:00 DEBUG 5488 --- [           main] org.springframework.test.context.cache   : Spring test ApplicationContext cache statistics: [DefaultContextCache@402adc9c size = 2, maxSize = 32, parentContextCount = 0, hitCount = 152, missCount = 2, failureCount = 0]
2025-04-16T10:34:29.504+02:00 DEBUG 5488 --- [           main] org.springframework.test.context.cache   : Spring test ApplicationContext cache statistics: [DefaultContextCache@402adc9c size = 2, maxSize = 32, parentContextCount = 0, hitCount = 153, missCount = 2, failureCount = 0]
2025-04-16T10:34:29.504+02:00 DEBUG 5488 --- [           main] org.springframework.test.context.cache   : Spring test ApplicationContext cache statistics: [DefaultContextCache@402adc9c size = 2, maxSize = 32, parentContextCount = 0, hitCount = 154, missCount = 2, failureCount = 0]
2025-04-16T10:34:29.504+02:00 DEBUG 5488 --- [           main] org.springframework.test.context.cache   : Spring test ApplicationContext cache statistics: [DefaultContextCache@402adc9c size = 2, maxSize = 32, parentContextCount = 0, hitCount = 155, missCount = 2, failureCount = 0]
2025-04-16T10:34:29.504+02:00 DEBUG 5488 --- [           main] org.springframework.test.context.cache   : Spring test ApplicationContext cache statistics: [DefaultContextCache@402adc9c size = 2, maxSize = 32, parentContextCount = 0, hitCount = 156, missCount = 2, failureCount = 0]
2025-04-16T10:34:29.504+02:00 DEBUG 5488 --- [           main] org.springframework.test.context.cache   : Spring test ApplicationContext cache statistics: [DefaultContextCache@402adc9c size = 2, maxSize = 32, parentContextCount = 0, hitCount = 157, missCount = 2, failureCount = 0]
2025-04-16T10:34:29.505+02:00 DEBUG 5488 --- [           main] o.s.orm.jpa.JpaTransactionManager        : Initiating transaction rollback
2025-04-16T10:34:29.505+02:00 DEBUG 5488 --- [           main] o.s.orm.jpa.JpaTransactionManager        : Rolling back JPA transaction on EntityManager [SessionImpl(1988464942<open>)]
2025-04-16T10:34:29.505+02:00 DEBUG 5488 --- [           main] o.h.e.t.internal.TransactionImpl         : rolling back
2025-04-16T10:34:29.505+02:00 DEBUG 5488 --- [           main] o.s.orm.jpa.JpaTransactionManager        : Closing JPA EntityManager [SessionImpl(1988464942<open>)] after transaction
2025-04-16T10:34:29.505+02:00 DEBUG 5488 --- [           main] o.s.t.c.transaction.TransactionContext   : Rolled back transaction (1) for test class [com.lexicon.springws.repository.BookRepositoryTest]; test method [testFindByIsbnIgnoreCase]
2025-04-16T10:34:29.505+02:00 DEBUG 5488 --- [           main] .c.s.DirtiesContextTestExecutionListener : After test method: class [BookRepositoryTest], method [testFindByIsbnIgnoreCase], class annotated with @DirtiesContext [false] with mode [null], method annotated with @DirtiesContext [false] with mode [null]
]]></system-out>
  </testcase>
  <testcase name="testFindByMaxLoanDaysLessThan" classname="com.lexicon.springws.repository.BookRepositoryTest" time="0.015">
    <system-out><![CDATA[2025-04-16T10:34:29.506+02:00 DEBUG 5488 --- [           main] DependencyInjectionTestExecutionListener : Performing dependency injection for test class com.lexicon.springws.repository.BookRepositoryTest
2025-04-16T10:34:29.506+02:00 DEBUG 5488 --- [           main] org.springframework.test.context.cache   : Spring test ApplicationContext cache statistics: [DefaultContextCache@402adc9c size = 2, maxSize = 32, parentContextCount = 0, hitCount = 158, missCount = 2, failureCount = 0]
2025-04-16T10:34:29.507+02:00 DEBUG 5488 --- [           main] org.springframework.test.context.cache   : Spring test ApplicationContext cache statistics: [DefaultContextCache@402adc9c size = 2, maxSize = 32, parentContextCount = 0, hitCount = 159, missCount = 2, failureCount = 0]
2025-04-16T10:34:29.507+02:00 DEBUG 5488 --- [           main] sContextBeforeModesTestExecutionListener : Before test method: class [BookRepositoryTest], method [testFindByMaxLoanDaysLessThan], class annotated with @DirtiesContext [false] with mode [null], method annotated with @DirtiesContext [false] with mode [null]
2025-04-16T10:34:29.507+02:00 DEBUG 5488 --- [           main] t.c.t.TransactionalTestExecutionListener : Explicit transaction definition [PROPAGATION_REQUIRED,ISOLATION_DEFAULT] found for test class [com.lexicon.springws.repository.BookRepositoryTest] and test method [testFindByMaxLoanDaysLessThan]
2025-04-16T10:34:29.507+02:00 DEBUG 5488 --- [           main] org.springframework.test.context.cache   : Spring test ApplicationContext cache statistics: [DefaultContextCache@402adc9c size = 2, maxSize = 32, parentContextCount = 0, hitCount = 160, missCount = 2, failureCount = 0]
2025-04-16T10:34:29.508+02:00 DEBUG 5488 --- [           main] t.c.t.TransactionalTestExecutionListener : No method-level @Rollback override: using default rollback [true] for test method [public void com.lexicon.springws.repository.BookRepositoryTest.testFindByMaxLoanDaysLessThan()]
2025-04-16T10:34:29.508+02:00 DEBUG 5488 --- [           main] o.s.orm.jpa.JpaTransactionManager        : Creating new transaction with name [com.lexicon.springws.repository.BookRepositoryTest.testFindByMaxLoanDaysLessThan]: PROPAGATION_REQUIRED,ISOLATION_DEFAULT
2025-04-16T10:34:29.508+02:00 DEBUG 5488 --- [           main] o.s.orm.jpa.JpaTransactionManager        : Opened new EntityManager [SessionImpl(386131213<open>)] for JPA transaction
2025-04-16T10:34:29.508+02:00 DEBUG 5488 --- [           main] o.h.e.t.internal.TransactionImpl         : On TransactionImpl creation, JpaCompliance#isJpaTransactionComplianceEnabled == false
2025-04-16T10:34:29.508+02:00 DEBUG 5488 --- [           main] o.h.e.t.internal.TransactionImpl         : begin
2025-04-16T10:34:29.508+02:00 DEBUG 5488 --- [           main] o.s.j.datasource.SimpleDriverDataSource  : Creating new JDBC Driver Connection to [jdbc:h2:mem:312398af-d95c-42bc-b737-6cb4d2803edc;DB_CLOSE_DELAY=-1;DB_CLOSE_ON_EXIT=false]
2025-04-16T10:34:29.509+02:00 DEBUG 5488 --- [           main] o.s.orm.jpa.JpaTransactionManager        : Exposing JPA transaction as JDBC [org.springframework.orm.jpa.vendor.HibernateJpaDialect$HibernateConnectionHandle@6cfa20c1]
2025-04-16T10:34:29.509+02:00 DEBUG 5488 --- [           main] o.s.t.c.transaction.TransactionContext   : Began transaction (1) for test class [com.lexicon.springws.repository.BookRepositoryTest]; test method [testFindByMaxLoanDaysLessThan]; transaction manager [org.springframework.orm.jpa.JpaTransactionManager@1d5e0621]; rollback [true]
2025-04-16T10:34:29.509+02:00 DEBUG 5488 --- [           main] org.springframework.test.context.cache   : Spring test ApplicationContext cache statistics: [DefaultContextCache@402adc9c size = 2, maxSize = 32, parentContextCount = 0, hitCount = 161, missCount = 2, failureCount = 0]
2025-04-16T10:34:29.510+02:00 DEBUG 5488 --- [           main] org.springframework.test.context.cache   : Spring test ApplicationContext cache statistics: [DefaultContextCache@402adc9c size = 2, maxSize = 32, parentContextCount = 0, hitCount = 162, missCount = 2, failureCount = 0]
2025-04-16T10:34:29.510+02:00 DEBUG 5488 --- [           main] org.springframework.test.context.cache   : Spring test ApplicationContext cache statistics: [DefaultContextCache@402adc9c size = 2, maxSize = 32, parentContextCount = 0, hitCount = 163, missCount = 2, failureCount = 0]
2025-04-16T10:34:29.510+02:00 DEBUG 5488 --- [           main] org.hibernate.engine.spi.ActionQueue     : Executing identity-insert immediately
2025-04-16T10:34:29.512+02:00 DEBUG 5488 --- [           main] org.hibernate.SQL                        : 
    insert 
    into
        author
        (email, name, author_id) 
    values
        (?, ?, default)
Hibernate: 
    insert 
    into
        author
        (email, name, author_id) 
    values
        (?, ?, default)
2025-04-16T10:34:29.512+02:00 DEBUG 5488 --- [           main] o.h.id.IdentifierGeneratorHelper         : Natively generated identity (com.lexicon.springws.entity.Author) : 9
2025-04-16T10:34:29.513+02:00 DEBUG 5488 --- [           main] o.h.e.i.AbstractFlushingEventListener    : Processing flush-time cascades
2025-04-16T10:34:29.513+02:00 DEBUG 5488 --- [           main] o.h.e.i.AbstractFlushingEventListener    : Dirty checking collections
2025-04-16T10:34:29.513+02:00 DEBUG 5488 --- [           main] o.hibernate.engine.internal.Collections  : Collection found: [com.lexicon.springws.entity.Author.books#9], was: [<unreferenced>] (initialized)
2025-04-16T10:34:29.513+02:00 DEBUG 5488 --- [           main] o.h.e.i.AbstractFlushingEventListener    : Flushed: 0 insertions, 0 updates, 0 deletions to 1 objects
2025-04-16T10:34:29.514+02:00 DEBUG 5488 --- [           main] o.h.e.i.AbstractFlushingEventListener    : Flushed: 1 (re)creations, 0 updates, 0 removals to 1 collections
2025-04-16T10:34:29.514+02:00 DEBUG 5488 --- [           main] o.hibernate.internal.util.EntityPrinter  : Listing entities:
2025-04-16T10:34:29.514+02:00 DEBUG 5488 --- [           main] o.hibernate.internal.util.EntityPrinter  : com.lexicon.springws.entity.Author{books=[], name=Test Author, authorId=9, email=test@example.com}
2025-04-16T10:34:29.514+02:00 DEBUG 5488 --- [           main] org.hibernate.engine.spi.ActionQueue     : Executing identity-insert immediately
2025-04-16T10:34:29.514+02:00 DEBUG 5488 --- [           main] org.hibernate.SQL                        : 
    insert 
    into
        books
        (author_id, available, isbn, max_loan_days, title, id) 
    values
        (?, ?, ?, ?, ?, default)
Hibernate: 
    insert 
    into
        books
        (author_id, available, isbn, max_loan_days, title, id) 
    values
        (?, ?, ?, ?, ?, default)
2025-04-16T10:34:29.515+02:00 DEBUG 5488 --- [           main] o.h.id.IdentifierGeneratorHelper         : Natively generated identity (com.lexicon.springws.entity.Book) : 10
2025-04-16T10:34:29.515+02:00 DEBUG 5488 --- [           main] org.hibernate.engine.spi.ActionQueue     : Executing identity-insert immediately
2025-04-16T10:34:29.516+02:00 DEBUG 5488 --- [           main] org.hibernate.SQL                        : 
    insert 
    into
        books
        (author_id, available, isbn, max_loan_days, title, id) 
    values
        (?, ?, ?, ?, ?, default)
Hibernate: 
    insert 
    into
        books
        (author_id, available, isbn, max_loan_days, title, id) 
    values
        (?, ?, ?, ?, ?, default)
2025-04-16T10:34:29.516+02:00 DEBUG 5488 --- [           main] o.h.id.IdentifierGeneratorHelper         : Natively generated identity (com.lexicon.springws.entity.Book) : 11
2025-04-16T10:34:29.516+02:00 DEBUG 5488 --- [           main] o.h.e.i.AbstractFlushingEventListener    : Processing flush-time cascades
2025-04-16T10:34:29.516+02:00 DEBUG 5488 --- [           main] o.h.e.i.AbstractFlushingEventListener    : Dirty checking collections
2025-04-16T10:34:29.516+02:00 DEBUG 5488 --- [           main] o.hibernate.engine.internal.Collections  : Collection found: [com.lexicon.springws.entity.Author.books#9], was: [com.lexicon.springws.entity.Author.books#9] (initialized)
2025-04-16T10:34:29.516+02:00 DEBUG 5488 --- [           main] o.hibernate.engine.internal.Collections  : Collection found: [com.lexicon.springws.entity.Book.bookLoans#10], was: [<unreferenced>] (initialized)
2025-04-16T10:34:29.516+02:00 DEBUG 5488 --- [           main] o.hibernate.engine.internal.Collections  : Collection found: [com.lexicon.springws.entity.Book.bookLoans#11], was: [<unreferenced>] (initialized)
2025-04-16T10:34:29.516+02:00 DEBUG 5488 --- [           main] o.h.e.i.AbstractFlushingEventListener    : Flushed: 0 insertions, 0 updates, 0 deletions to 3 objects
2025-04-16T10:34:29.516+02:00 DEBUG 5488 --- [           main] o.h.e.i.AbstractFlushingEventListener    : Flushed: 2 (re)creations, 0 updates, 0 removals to 3 collections
2025-04-16T10:34:29.516+02:00 DEBUG 5488 --- [           main] o.hibernate.internal.util.EntityPrinter  : Listing entities:
2025-04-16T10:34:29.517+02:00 DEBUG 5488 --- [           main] o.hibernate.internal.util.EntityPrinter  : com.lexicon.springws.entity.Author{books=[], name=Test Author, authorId=9, email=test@example.com}
2025-04-16T10:34:29.517+02:00 DEBUG 5488 --- [           main] o.hibernate.internal.util.EntityPrinter  : com.lexicon.springws.entity.Book{maxLoanDays=14, author=com.lexicon.springws.entity.Author#9, isbn=ISBN-TEST-006, available=true, bookLoans=[], id=11, title=Book 2}
2025-04-16T10:34:29.517+02:00 DEBUG 5488 --- [           main] o.hibernate.internal.util.EntityPrinter  : com.lexicon.springws.entity.Book{maxLoanDays=7, author=com.lexicon.springws.entity.Author#9, isbn=ISBN-TEST-005, available=true, bookLoans=[], id=10, title=Book 1}
2025-04-16T10:34:29.517+02:00 DEBUG 5488 --- [           main] org.hibernate.orm.sql.ast.create         : Created new SQL alias : b1_0
2025-04-16T10:34:29.517+02:00 DEBUG 5488 --- [           main] org.hibernate.orm.sql.ast.create         : Registration of TableGroup [StandardTableGroup(com.lexicon.springws.entity.Book(83591132049500))] with identifierForTableGroup [com.lexicon.springws.entity.Book] for NavigablePath [com.lexicon.springws.entity.Book] 
2025-04-16T10:34:29.518+02:00 DEBUG 5488 --- [           main] org.hibernate.orm.sql.ast.create         : Registration of TableGroup [org.hibernate.sql.ast.tree.from.LazyTableGroup@73c25e8] with identifierForTableGroup [com.lexicon.springws.entity.Book.author] for NavigablePath [com.lexicon.springws.entity.Book.author] 
2025-04-16T10:34:29.518+02:00 DEBUG 5488 --- [           main] o.h.q.sqm.sql.BaseSqmToSqlAstConverter   : Determining mapping-model type for SqmParameter : org.hibernate.query.sqm.tree.expression.SqmJpaCriteriaParameterWrapper@4664cd32
2025-04-16T10:34:29.518+02:00 DEBUG 5488 --- [           main] o.h.q.sqm.sql.BaseSqmToSqlAstConverter   : Determining mapping-model type for SqmPath : SqmBasicValuedSimplePath(com.lexicon.springws.entity.Book(83591132049500).maxLoanDays) 
2025-04-16T10:34:29.518+02:00 DEBUG 5488 --- [           main] org.hibernate.orm.results.graph.AST      : DomainResult Graph:
 \-EntityResultImpl [com.lexicon.springws.entity.Book(83591132049500)]
 |  +-CircularFetchImpl [com.lexicon.springws.entity.Book(83591132049500).author]
 |  +-BasicFetch [com.lexicon.springws.entity.Book(83591132049500).available]
 |  +-DelayedCollectionFetch [com.lexicon.springws.entity.Book(83591132049500).bookLoans]
 |  +-BasicFetch [com.lexicon.springws.entity.Book(83591132049500).isbn]
 |  +-BasicFetch [com.lexicon.springws.entity.Book(83591132049500).maxLoanDays]
 |  \-BasicFetch [com.lexicon.springws.entity.Book(83591132049500).title]

2025-04-16T10:34:29.518+02:00 DEBUG 5488 --- [           main] org.hibernate.orm.sql.ast.tree           : SQL AST Tree:
    SelectStatement {
      FromClause {
        StandardTableGroup (b1 : com.lexicon.springws.entity.Book(83591132049500)) {
          primaryTableReference : books as b1_0
          TableGroupJoins {
            left  join LazyTableGroup (a1 : com.lexicon.springws.entity.Book(83591132049500).author) {
            }
          }
        }
      }
    }

2025-04-16T10:34:29.518+02:00 DEBUG 5488 --- [           main] o.h.e.i.AbstractFlushingEventListener    : Processing flush-time cascades
2025-04-16T10:34:29.518+02:00 DEBUG 5488 --- [           main] o.h.e.i.AbstractFlushingEventListener    : Dirty checking collections
2025-04-16T10:34:29.519+02:00 DEBUG 5488 --- [           main] o.hibernate.engine.internal.Collections  : Collection found: [com.lexicon.springws.entity.Author.books#9], was: [com.lexicon.springws.entity.Author.books#9] (initialized)
2025-04-16T10:34:29.519+02:00 DEBUG 5488 --- [           main] o.hibernate.engine.internal.Collections  : Collection found: [com.lexicon.springws.entity.Book.bookLoans#10], was: [com.lexicon.springws.entity.Book.bookLoans#10] (initialized)
2025-04-16T10:34:29.519+02:00 DEBUG 5488 --- [           main] o.hibernate.engine.internal.Collections  : Collection found: [com.lexicon.springws.entity.Book.bookLoans#11], was: [com.lexicon.springws.entity.Book.bookLoans#11] (initialized)
2025-04-16T10:34:29.519+02:00 DEBUG 5488 --- [           main] o.h.e.i.AbstractFlushingEventListener    : Flushed: 0 insertions, 0 updates, 0 deletions to 3 objects
2025-04-16T10:34:29.519+02:00 DEBUG 5488 --- [           main] o.h.e.i.AbstractFlushingEventListener    : Flushed: 0 (re)creations, 0 updates, 0 removals to 3 collections
2025-04-16T10:34:29.519+02:00 DEBUG 5488 --- [           main] o.hibernate.internal.util.EntityPrinter  : Listing entities:
2025-04-16T10:34:29.519+02:00 DEBUG 5488 --- [           main] o.hibernate.internal.util.EntityPrinter  : com.lexicon.springws.entity.Author{books=[], name=Test Author, authorId=9, email=test@example.com}
2025-04-16T10:34:29.519+02:00 DEBUG 5488 --- [           main] o.hibernate.internal.util.EntityPrinter  : com.lexicon.springws.entity.Book{maxLoanDays=14, author=com.lexicon.springws.entity.Author#9, isbn=ISBN-TEST-006, available=true, bookLoans=[], id=11, title=Book 2}
2025-04-16T10:34:29.519+02:00 DEBUG 5488 --- [           main] o.hibernate.internal.util.EntityPrinter  : com.lexicon.springws.entity.Book{maxLoanDays=7, author=com.lexicon.springws.entity.Author#9, isbn=ISBN-TEST-005, available=true, bookLoans=[], id=10, title=Book 1}
2025-04-16T10:34:29.519+02:00 DEBUG 5488 --- [           main] org.hibernate.orm.sql.exec               : Skipping reading Query result cache data: cache-enabled = false, cache-mode = NORMAL
2025-04-16T10:34:29.519+02:00 DEBUG 5488 --- [           main] org.hibernate.orm.results                : Initializer list:
	  com.lexicon.springws.entity.Book(83591132049500).author -> EntityDelayedFetchInitializer(com.lexicon.springws.entity.Book(83591132049500).author)@2025060646 (ToOneAttributeMapping(NavigableRole[com.lexicon.springws.entity.Book.author])@1437069487)
	  com.lexicon.springws.entity.Book(83591132049500).bookLoans -> DelayedCollectionInitializer(com.lexicon.springws.entity.Book(83591132049500).bookLoans)@516329661 (PluralAttribute(com.lexicon.springws.entity.Book.bookLoans))
	  com.lexicon.springws.entity.Book(83591132049500) -> EntityResultInitializer(com.lexicon.springws.entity.Book(83591132049500))@115660384 (SingleTableEntityPersister(com.lexicon.springws.entity.Book))

2025-04-16T10:34:29.519+02:00 DEBUG 5488 --- [           main] org.hibernate.SQL                        : 
    select
        b1_0.id,
        b1_0.author_id,
        b1_0.available,
        b1_0.isbn,
        b1_0.max_loan_days,
        b1_0.title 
    from
        books b1_0 
    where
        b1_0.max_loan_days<?
Hibernate: 
    select
        b1_0.id,
        b1_0.author_id,
        b1_0.available,
        b1_0.isbn,
        b1_0.max_loan_days,
        b1_0.title 
    from
        books b1_0 
    where
        b1_0.max_loan_days<?
2025-04-16T10:34:29.520+02:00 DEBUG 5488 --- [           main] org.hibernate.orm.results                : Extracted JDBC value [0] - [10]
2025-04-16T10:34:29.520+02:00 DEBUG 5488 --- [           main] o.hibernate.orm.results.loading.entity   : (EntityResultInitializer) Hydrated EntityKey (com.lexicon.springws.entity.Book(83591132049500)): 10
2025-04-16T10:34:29.520+02:00 DEBUG 5488 --- [           main] org.hibernate.orm.results                : Extracted JDBC value [0] - [10]
2025-04-16T10:34:29.520+02:00 DEBUG 5488 --- [           main] o.h.o.r.l.o.h.o.r.loading.collection     : (DelayedCollectionInitializer) Current row collection key : com.lexicon.springws.entity.Book(83591132049500).bookLoans#10
2025-04-16T10:34:29.520+02:00 DEBUG 5488 --- [           main] org.hibernate.orm.results.loading        : Calling top-level assembler (0 / 1) : org.hibernate.sql.results.graph.entity.internal.EntityAssembler@5963a2c9
2025-04-16T10:34:29.521+02:00 DEBUG 5488 --- [           main] org.springframework.test.context.cache   : Spring test ApplicationContext cache statistics: [DefaultContextCache@402adc9c size = 2, maxSize = 32, parentContextCount = 0, hitCount = 164, missCount = 2, failureCount = 0]
2025-04-16T10:34:29.521+02:00 DEBUG 5488 --- [           main] org.springframework.test.context.cache   : Spring test ApplicationContext cache statistics: [DefaultContextCache@402adc9c size = 2, maxSize = 32, parentContextCount = 0, hitCount = 165, missCount = 2, failureCount = 0]
2025-04-16T10:34:29.521+02:00 DEBUG 5488 --- [           main] org.springframework.test.context.cache   : Spring test ApplicationContext cache statistics: [DefaultContextCache@402adc9c size = 2, maxSize = 32, parentContextCount = 0, hitCount = 166, missCount = 2, failureCount = 0]
2025-04-16T10:34:29.521+02:00 DEBUG 5488 --- [           main] org.springframework.test.context.cache   : Spring test ApplicationContext cache statistics: [DefaultContextCache@402adc9c size = 2, maxSize = 32, parentContextCount = 0, hitCount = 167, missCount = 2, failureCount = 0]
2025-04-16T10:34:29.521+02:00 DEBUG 5488 --- [           main] org.springframework.test.context.cache   : Spring test ApplicationContext cache statistics: [DefaultContextCache@402adc9c size = 2, maxSize = 32, parentContextCount = 0, hitCount = 168, missCount = 2, failureCount = 0]
2025-04-16T10:34:29.521+02:00 DEBUG 5488 --- [           main] org.springframework.test.context.cache   : Spring test ApplicationContext cache statistics: [DefaultContextCache@402adc9c size = 2, maxSize = 32, parentContextCount = 0, hitCount = 169, missCount = 2, failureCount = 0]
2025-04-16T10:34:29.521+02:00 DEBUG 5488 --- [           main] o.s.orm.jpa.JpaTransactionManager        : Initiating transaction rollback
2025-04-16T10:34:29.522+02:00 DEBUG 5488 --- [           main] o.s.orm.jpa.JpaTransactionManager        : Rolling back JPA transaction on EntityManager [SessionImpl(386131213<open>)]
2025-04-16T10:34:29.522+02:00 DEBUG 5488 --- [           main] o.h.e.t.internal.TransactionImpl         : rolling back
2025-04-16T10:34:29.522+02:00 DEBUG 5488 --- [           main] o.s.orm.jpa.JpaTransactionManager        : Closing JPA EntityManager [SessionImpl(386131213<open>)] after transaction
2025-04-16T10:34:29.522+02:00 DEBUG 5488 --- [           main] o.s.t.c.transaction.TransactionContext   : Rolled back transaction (1) for test class [com.lexicon.springws.repository.BookRepositoryTest]; test method [testFindByMaxLoanDaysLessThan]
2025-04-16T10:34:29.522+02:00 DEBUG 5488 --- [           main] .c.s.DirtiesContextTestExecutionListener : After test method: class [BookRepositoryTest], method [testFindByMaxLoanDaysLessThan], class annotated with @DirtiesContext [false] with mode [null], method annotated with @DirtiesContext [false] with mode [null]
]]></system-out>
  </testcase>
  <testcase name="testFindByTitleContains" classname="com.lexicon.springws.repository.BookRepositoryTest" time="0.016">
    <system-out><![CDATA[2025-04-16T10:34:29.522+02:00 DEBUG 5488 --- [           main] DependencyInjectionTestExecutionListener : Performing dependency injection for test class com.lexicon.springws.repository.BookRepositoryTest
2025-04-16T10:34:29.522+02:00 DEBUG 5488 --- [           main] org.springframework.test.context.cache   : Spring test ApplicationContext cache statistics: [DefaultContextCache@402adc9c size = 2, maxSize = 32, parentContextCount = 0, hitCount = 170, missCount = 2, failureCount = 0]
2025-04-16T10:34:29.523+02:00 DEBUG 5488 --- [           main] org.springframework.test.context.cache   : Spring test ApplicationContext cache statistics: [DefaultContextCache@402adc9c size = 2, maxSize = 32, parentContextCount = 0, hitCount = 171, missCount = 2, failureCount = 0]
2025-04-16T10:34:29.523+02:00 DEBUG 5488 --- [           main] sContextBeforeModesTestExecutionListener : Before test method: class [BookRepositoryTest], method [testFindByTitleContains], class annotated with @DirtiesContext [false] with mode [null], method annotated with @DirtiesContext [false] with mode [null]
2025-04-16T10:34:29.523+02:00 DEBUG 5488 --- [           main] t.c.t.TransactionalTestExecutionListener : Explicit transaction definition [PROPAGATION_REQUIRED,ISOLATION_DEFAULT] found for test class [com.lexicon.springws.repository.BookRepositoryTest] and test method [testFindByTitleContains]
2025-04-16T10:34:29.523+02:00 DEBUG 5488 --- [           main] org.springframework.test.context.cache   : Spring test ApplicationContext cache statistics: [DefaultContextCache@402adc9c size = 2, maxSize = 32, parentContextCount = 0, hitCount = 172, missCount = 2, failureCount = 0]
2025-04-16T10:34:29.523+02:00 DEBUG 5488 --- [           main] t.c.t.TransactionalTestExecutionListener : No method-level @Rollback override: using default rollback [true] for test method [public void com.lexicon.springws.repository.BookRepositoryTest.testFindByTitleContains()]
2025-04-16T10:34:29.523+02:00 DEBUG 5488 --- [           main] o.s.orm.jpa.JpaTransactionManager        : Creating new transaction with name [com.lexicon.springws.repository.BookRepositoryTest.testFindByTitleContains]: PROPAGATION_REQUIRED,ISOLATION_DEFAULT
2025-04-16T10:34:29.523+02:00 DEBUG 5488 --- [           main] o.s.orm.jpa.JpaTransactionManager        : Opened new EntityManager [SessionImpl(2031368275<open>)] for JPA transaction
2025-04-16T10:34:29.524+02:00 DEBUG 5488 --- [           main] o.h.e.t.internal.TransactionImpl         : On TransactionImpl creation, JpaCompliance#isJpaTransactionComplianceEnabled == false
2025-04-16T10:34:29.524+02:00 DEBUG 5488 --- [           main] o.h.e.t.internal.TransactionImpl         : begin
2025-04-16T10:34:29.524+02:00 DEBUG 5488 --- [           main] o.s.j.datasource.SimpleDriverDataSource  : Creating new JDBC Driver Connection to [jdbc:h2:mem:312398af-d95c-42bc-b737-6cb4d2803edc;DB_CLOSE_DELAY=-1;DB_CLOSE_ON_EXIT=false]
2025-04-16T10:34:29.524+02:00 DEBUG 5488 --- [           main] o.s.orm.jpa.JpaTransactionManager        : Exposing JPA transaction as JDBC [org.springframework.orm.jpa.vendor.HibernateJpaDialect$HibernateConnectionHandle@7308e2d6]
2025-04-16T10:34:29.524+02:00 DEBUG 5488 --- [           main] o.s.t.c.transaction.TransactionContext   : Began transaction (1) for test class [com.lexicon.springws.repository.BookRepositoryTest]; test method [testFindByTitleContains]; transaction manager [org.springframework.orm.jpa.JpaTransactionManager@1d5e0621]; rollback [true]
2025-04-16T10:34:29.524+02:00 DEBUG 5488 --- [           main] org.springframework.test.context.cache   : Spring test ApplicationContext cache statistics: [DefaultContextCache@402adc9c size = 2, maxSize = 32, parentContextCount = 0, hitCount = 173, missCount = 2, failureCount = 0]
2025-04-16T10:34:29.524+02:00 DEBUG 5488 --- [           main] org.springframework.test.context.cache   : Spring test ApplicationContext cache statistics: [DefaultContextCache@402adc9c size = 2, maxSize = 32, parentContextCount = 0, hitCount = 174, missCount = 2, failureCount = 0]
2025-04-16T10:34:29.525+02:00 DEBUG 5488 --- [           main] org.springframework.test.context.cache   : Spring test ApplicationContext cache statistics: [DefaultContextCache@402adc9c size = 2, maxSize = 32, parentContextCount = 0, hitCount = 175, missCount = 2, failureCount = 0]
2025-04-16T10:34:29.525+02:00 DEBUG 5488 --- [           main] org.hibernate.engine.spi.ActionQueue     : Executing identity-insert immediately
2025-04-16T10:34:29.525+02:00 DEBUG 5488 --- [           main] org.hibernate.SQL                        : 
    insert 
    into
        author
        (email, name, author_id) 
    values
        (?, ?, default)
Hibernate: 
    insert 
    into
        author
        (email, name, author_id) 
    values
        (?, ?, default)
2025-04-16T10:34:29.526+02:00 DEBUG 5488 --- [           main] o.h.id.IdentifierGeneratorHelper         : Natively generated identity (com.lexicon.springws.entity.Author) : 10
2025-04-16T10:34:29.527+02:00 DEBUG 5488 --- [           main] o.h.e.i.AbstractFlushingEventListener    : Processing flush-time cascades
2025-04-16T10:34:29.527+02:00 DEBUG 5488 --- [           main] o.h.e.i.AbstractFlushingEventListener    : Dirty checking collections
2025-04-16T10:34:29.527+02:00 DEBUG 5488 --- [           main] o.hibernate.engine.internal.Collections  : Collection found: [com.lexicon.springws.entity.Author.books#10], was: [<unreferenced>] (initialized)
2025-04-16T10:34:29.527+02:00 DEBUG 5488 --- [           main] o.h.e.i.AbstractFlushingEventListener    : Flushed: 0 insertions, 0 updates, 0 deletions to 1 objects
2025-04-16T10:34:29.527+02:00 DEBUG 5488 --- [           main] o.h.e.i.AbstractFlushingEventListener    : Flushed: 1 (re)creations, 0 updates, 0 removals to 1 collections
2025-04-16T10:34:29.527+02:00 DEBUG 5488 --- [           main] o.hibernate.internal.util.EntityPrinter  : Listing entities:
2025-04-16T10:34:29.527+02:00 DEBUG 5488 --- [           main] o.hibernate.internal.util.EntityPrinter  : com.lexicon.springws.entity.Author{books=[], name=Test Author, authorId=10, email=test@example.com}
2025-04-16T10:34:29.527+02:00 DEBUG 5488 --- [           main] org.hibernate.engine.spi.ActionQueue     : Executing identity-insert immediately
2025-04-16T10:34:29.527+02:00 DEBUG 5488 --- [           main] org.hibernate.SQL                        : 
    insert 
    into
        books
        (author_id, available, isbn, max_loan_days, title, id) 
    values
        (?, ?, ?, ?, ?, default)
Hibernate: 
    insert 
    into
        books
        (author_id, available, isbn, max_loan_days, title, id) 
    values
        (?, ?, ?, ?, ?, default)
2025-04-16T10:34:29.527+02:00 DEBUG 5488 --- [           main] o.h.id.IdentifierGeneratorHelper         : Natively generated identity (com.lexicon.springws.entity.Book) : 12
2025-04-16T10:34:29.527+02:00 DEBUG 5488 --- [           main] org.hibernate.engine.spi.ActionQueue     : Executing identity-insert immediately
2025-04-16T10:34:29.527+02:00 DEBUG 5488 --- [           main] org.hibernate.SQL                        : 
    insert 
    into
        books
        (author_id, available, isbn, max_loan_days, title, id) 
    values
        (?, ?, ?, ?, ?, default)
Hibernate: 
    insert 
    into
        books
        (author_id, available, isbn, max_loan_days, title, id) 
    values
        (?, ?, ?, ?, ?, default)
2025-04-16T10:34:29.529+02:00 DEBUG 5488 --- [           main] o.h.id.IdentifierGeneratorHelper         : Natively generated identity (com.lexicon.springws.entity.Book) : 13
2025-04-16T10:34:29.529+02:00 DEBUG 5488 --- [           main] o.h.e.i.AbstractFlushingEventListener    : Processing flush-time cascades
2025-04-16T10:34:29.529+02:00 DEBUG 5488 --- [           main] o.h.e.i.AbstractFlushingEventListener    : Dirty checking collections
2025-04-16T10:34:29.529+02:00 DEBUG 5488 --- [           main] o.hibernate.engine.internal.Collections  : Collection found: [com.lexicon.springws.entity.Author.books#10], was: [com.lexicon.springws.entity.Author.books#10] (initialized)
2025-04-16T10:34:29.529+02:00 DEBUG 5488 --- [           main] o.hibernate.engine.internal.Collections  : Collection found: [com.lexicon.springws.entity.Book.bookLoans#12], was: [<unreferenced>] (initialized)
2025-04-16T10:34:29.529+02:00 DEBUG 5488 --- [           main] o.hibernate.engine.internal.Collections  : Collection found: [com.lexicon.springws.entity.Book.bookLoans#13], was: [<unreferenced>] (initialized)
2025-04-16T10:34:29.529+02:00 DEBUG 5488 --- [           main] o.h.e.i.AbstractFlushingEventListener    : Flushed: 0 insertions, 0 updates, 0 deletions to 3 objects
2025-04-16T10:34:29.529+02:00 DEBUG 5488 --- [           main] o.h.e.i.AbstractFlushingEventListener    : Flushed: 2 (re)creations, 0 updates, 0 removals to 3 collections
2025-04-16T10:34:29.529+02:00 DEBUG 5488 --- [           main] o.hibernate.internal.util.EntityPrinter  : Listing entities:
2025-04-16T10:34:29.529+02:00 DEBUG 5488 --- [           main] o.hibernate.internal.util.EntityPrinter  : com.lexicon.springws.entity.Author{books=[], name=Test Author, authorId=10, email=test@example.com}
2025-04-16T10:34:29.529+02:00 DEBUG 5488 --- [           main] o.hibernate.internal.util.EntityPrinter  : com.lexicon.springws.entity.Book{maxLoanDays=14, author=com.lexicon.springws.entity.Author#10, isbn=ISBN-TEST-003, available=true, bookLoans=[], id=12, title=Spring in Action}
2025-04-16T10:34:29.529+02:00 DEBUG 5488 --- [           main] o.hibernate.internal.util.EntityPrinter  : com.lexicon.springws.entity.Book{maxLoanDays=14, author=com.lexicon.springws.entity.Author#10, isbn=ISBN-TEST-004, available=true, bookLoans=[], id=13, title=Spring Boot}
2025-04-16T10:34:29.531+02:00 DEBUG 5488 --- [           main] org.hibernate.orm.sql.ast.create         : Created new SQL alias : b1_0
2025-04-16T10:34:29.531+02:00 DEBUG 5488 --- [           main] org.hibernate.orm.sql.ast.create         : Registration of TableGroup [StandardTableGroup(com.lexicon.springws.entity.Book(83591141619900))] with identifierForTableGroup [com.lexicon.springws.entity.Book] for NavigablePath [com.lexicon.springws.entity.Book] 
2025-04-16T10:34:29.531+02:00 DEBUG 5488 --- [           main] org.hibernate.orm.sql.ast.create         : Registration of TableGroup [org.hibernate.sql.ast.tree.from.LazyTableGroup@12a0f131] with identifierForTableGroup [com.lexicon.springws.entity.Book.author] for NavigablePath [com.lexicon.springws.entity.Book.author] 
2025-04-16T10:34:29.531+02:00 DEBUG 5488 --- [           main] o.h.q.sqm.sql.BaseSqmToSqlAstConverter   : Determining mapping-model type for SqmParameter : org.hibernate.query.sqm.tree.expression.SqmJpaCriteriaParameterWrapper@2f2e75ae
2025-04-16T10:34:29.531+02:00 DEBUG 5488 --- [           main] o.h.q.sqm.sql.BaseSqmToSqlAstConverter   : Determining mapping-model type for SqmPath : SqmBasicValuedSimplePath(com.lexicon.springws.entity.Book(83591141619900).title) 
2025-04-16T10:34:29.532+02:00 DEBUG 5488 --- [           main] org.hibernate.orm.results.graph.AST      : DomainResult Graph:
 \-EntityResultImpl [com.lexicon.springws.entity.Book(83591141619900)]
 |  +-CircularFetchImpl [com.lexicon.springws.entity.Book(83591141619900).author]
 |  +-BasicFetch [com.lexicon.springws.entity.Book(83591141619900).available]
 |  +-DelayedCollectionFetch [com.lexicon.springws.entity.Book(83591141619900).bookLoans]
 |  +-BasicFetch [com.lexicon.springws.entity.Book(83591141619900).isbn]
 |  +-BasicFetch [com.lexicon.springws.entity.Book(83591141619900).maxLoanDays]
 |  \-BasicFetch [com.lexicon.springws.entity.Book(83591141619900).title]

2025-04-16T10:34:29.532+02:00 DEBUG 5488 --- [           main] org.hibernate.orm.sql.ast.tree           : SQL AST Tree:
    SelectStatement {
      FromClause {
        StandardTableGroup (b1 : com.lexicon.springws.entity.Book(83591141619900)) {
          primaryTableReference : books as b1_0
          TableGroupJoins {
            left  join LazyTableGroup (a1 : com.lexicon.springws.entity.Book(83591141619900).author) {
            }
          }
        }
      }
    }

2025-04-16T10:34:29.533+02:00 DEBUG 5488 --- [           main] o.h.e.i.AbstractFlushingEventListener    : Processing flush-time cascades
2025-04-16T10:34:29.533+02:00 DEBUG 5488 --- [           main] o.h.e.i.AbstractFlushingEventListener    : Dirty checking collections
2025-04-16T10:34:29.534+02:00 DEBUG 5488 --- [           main] o.hibernate.engine.internal.Collections  : Collection found: [com.lexicon.springws.entity.Author.books#10], was: [com.lexicon.springws.entity.Author.books#10] (initialized)
2025-04-16T10:34:29.534+02:00 DEBUG 5488 --- [           main] o.hibernate.engine.internal.Collections  : Collection found: [com.lexicon.springws.entity.Book.bookLoans#12], was: [com.lexicon.springws.entity.Book.bookLoans#12] (initialized)
2025-04-16T10:34:29.534+02:00 DEBUG 5488 --- [           main] o.hibernate.engine.internal.Collections  : Collection found: [com.lexicon.springws.entity.Book.bookLoans#13], was: [com.lexicon.springws.entity.Book.bookLoans#13] (initialized)
2025-04-16T10:34:29.534+02:00 DEBUG 5488 --- [           main] o.h.e.i.AbstractFlushingEventListener    : Flushed: 0 insertions, 0 updates, 0 deletions to 3 objects
2025-04-16T10:34:29.534+02:00 DEBUG 5488 --- [           main] o.h.e.i.AbstractFlushingEventListener    : Flushed: 0 (re)creations, 0 updates, 0 removals to 3 collections
2025-04-16T10:34:29.534+02:00 DEBUG 5488 --- [           main] o.hibernate.internal.util.EntityPrinter  : Listing entities:
2025-04-16T10:34:29.534+02:00 DEBUG 5488 --- [           main] o.hibernate.internal.util.EntityPrinter  : com.lexicon.springws.entity.Author{books=[], name=Test Author, authorId=10, email=test@example.com}
2025-04-16T10:34:29.534+02:00 DEBUG 5488 --- [           main] o.hibernate.internal.util.EntityPrinter  : com.lexicon.springws.entity.Book{maxLoanDays=14, author=com.lexicon.springws.entity.Author#10, isbn=ISBN-TEST-003, available=true, bookLoans=[], id=12, title=Spring in Action}
2025-04-16T10:34:29.534+02:00 DEBUG 5488 --- [           main] o.hibernate.internal.util.EntityPrinter  : com.lexicon.springws.entity.Book{maxLoanDays=14, author=com.lexicon.springws.entity.Author#10, isbn=ISBN-TEST-004, available=true, bookLoans=[], id=13, title=Spring Boot}
2025-04-16T10:34:29.534+02:00 DEBUG 5488 --- [           main] org.hibernate.orm.sql.exec               : Skipping reading Query result cache data: cache-enabled = false, cache-mode = NORMAL
2025-04-16T10:34:29.534+02:00 DEBUG 5488 --- [           main] org.hibernate.orm.results                : Initializer list:
	  com.lexicon.springws.entity.Book(83591141619900) -> EntityResultInitializer(com.lexicon.springws.entity.Book(83591141619900))@1181745921 (SingleTableEntityPersister(com.lexicon.springws.entity.Book))
	  com.lexicon.springws.entity.Book(83591141619900).author -> EntityDelayedFetchInitializer(com.lexicon.springws.entity.Book(83591141619900).author)@401876843 (ToOneAttributeMapping(NavigableRole[com.lexicon.springws.entity.Book.author])@1437069487)
	  com.lexicon.springws.entity.Book(83591141619900).bookLoans -> DelayedCollectionInitializer(com.lexicon.springws.entity.Book(83591141619900).bookLoans)@2019632550 (PluralAttribute(com.lexicon.springws.entity.Book.bookLoans))

2025-04-16T10:34:29.534+02:00 DEBUG 5488 --- [           main] org.hibernate.SQL                        : 
    select
        b1_0.id,
        b1_0.author_id,
        b1_0.available,
        b1_0.isbn,
        b1_0.max_loan_days,
        b1_0.title 
    from
        books b1_0 
    where
        b1_0.title like ? escape '\'
Hibernate: 
    select
        b1_0.id,
        b1_0.author_id,
        b1_0.available,
        b1_0.isbn,
        b1_0.max_loan_days,
        b1_0.title 
    from
        books b1_0 
    where
        b1_0.title like ? escape '\'
2025-04-16T10:34:29.535+02:00 DEBUG 5488 --- [           main] org.hibernate.orm.results                : Extracted JDBC value [0] - [12]
2025-04-16T10:34:29.535+02:00 DEBUG 5488 --- [           main] o.hibernate.orm.results.loading.entity   : (EntityResultInitializer) Hydrated EntityKey (com.lexicon.springws.entity.Book(83591141619900)): 12
2025-04-16T10:34:29.535+02:00 DEBUG 5488 --- [           main] org.hibernate.orm.results                : Extracted JDBC value [0] - [12]
2025-04-16T10:34:29.535+02:00 DEBUG 5488 --- [           main] o.h.o.r.l.o.h.o.r.loading.collection     : (DelayedCollectionInitializer) Current row collection key : com.lexicon.springws.entity.Book(83591141619900).bookLoans#12
2025-04-16T10:34:29.535+02:00 DEBUG 5488 --- [           main] org.hibernate.orm.results.loading        : Calling top-level assembler (0 / 1) : org.hibernate.sql.results.graph.entity.internal.EntityAssembler@23317e8a
2025-04-16T10:34:29.535+02:00 DEBUG 5488 --- [           main] org.hibernate.orm.results                : Extracted JDBC value [0] - [13]
2025-04-16T10:34:29.535+02:00 DEBUG 5488 --- [           main] o.hibernate.orm.results.loading.entity   : (EntityResultInitializer) Hydrated EntityKey (com.lexicon.springws.entity.Book(83591141619900)): 13
2025-04-16T10:34:29.535+02:00 DEBUG 5488 --- [           main] org.hibernate.orm.results                : Extracted JDBC value [0] - [13]
2025-04-16T10:34:29.535+02:00 DEBUG 5488 --- [           main] o.h.o.r.l.o.h.o.r.loading.collection     : (DelayedCollectionInitializer) Current row collection key : com.lexicon.springws.entity.Book(83591141619900).bookLoans#13
2025-04-16T10:34:29.535+02:00 DEBUG 5488 --- [           main] org.hibernate.orm.results.loading        : Calling top-level assembler (0 / 1) : org.hibernate.sql.results.graph.entity.internal.EntityAssembler@23317e8a
2025-04-16T10:34:29.536+02:00 DEBUG 5488 --- [           main] org.springframework.test.context.cache   : Spring test ApplicationContext cache statistics: [DefaultContextCache@402adc9c size = 2, maxSize = 32, parentContextCount = 0, hitCount = 176, missCount = 2, failureCount = 0]
2025-04-16T10:34:29.536+02:00 DEBUG 5488 --- [           main] org.springframework.test.context.cache   : Spring test ApplicationContext cache statistics: [DefaultContextCache@402adc9c size = 2, maxSize = 32, parentContextCount = 0, hitCount = 177, missCount = 2, failureCount = 0]
2025-04-16T10:34:29.536+02:00 DEBUG 5488 --- [           main] org.springframework.test.context.cache   : Spring test ApplicationContext cache statistics: [DefaultContextCache@402adc9c size = 2, maxSize = 32, parentContextCount = 0, hitCount = 178, missCount = 2, failureCount = 0]
2025-04-16T10:34:29.536+02:00 DEBUG 5488 --- [           main] org.springframework.test.context.cache   : Spring test ApplicationContext cache statistics: [DefaultContextCache@402adc9c size = 2, maxSize = 32, parentContextCount = 0, hitCount = 179, missCount = 2, failureCount = 0]
2025-04-16T10:34:29.537+02:00 DEBUG 5488 --- [           main] org.springframework.test.context.cache   : Spring test ApplicationContext cache statistics: [DefaultContextCache@402adc9c size = 2, maxSize = 32, parentContextCount = 0, hitCount = 180, missCount = 2, failureCount = 0]
2025-04-16T10:34:29.537+02:00 DEBUG 5488 --- [           main] org.springframework.test.context.cache   : Spring test ApplicationContext cache statistics: [DefaultContextCache@402adc9c size = 2, maxSize = 32, parentContextCount = 0, hitCount = 181, missCount = 2, failureCount = 0]
2025-04-16T10:34:29.537+02:00 DEBUG 5488 --- [           main] o.s.orm.jpa.JpaTransactionManager        : Initiating transaction rollback
2025-04-16T10:34:29.537+02:00 DEBUG 5488 --- [           main] o.s.orm.jpa.JpaTransactionManager        : Rolling back JPA transaction on EntityManager [SessionImpl(2031368275<open>)]
2025-04-16T10:34:29.537+02:00 DEBUG 5488 --- [           main] o.h.e.t.internal.TransactionImpl         : rolling back
2025-04-16T10:34:29.537+02:00 DEBUG 5488 --- [           main] o.s.orm.jpa.JpaTransactionManager        : Closing JPA EntityManager [SessionImpl(2031368275<open>)] after transaction
2025-04-16T10:34:29.537+02:00 DEBUG 5488 --- [           main] o.s.t.c.transaction.TransactionContext   : Rolled back transaction (1) for test class [com.lexicon.springws.repository.BookRepositoryTest]; test method [testFindByTitleContains]
2025-04-16T10:34:29.539+02:00 DEBUG 5488 --- [           main] .c.s.DirtiesContextTestExecutionListener : After test method: class [BookRepositoryTest], method [testFindByTitleContains], class annotated with @DirtiesContext [false] with mode [null], method annotated with @DirtiesContext [false] with mode [null]
]]></system-out>
  </testcase>
</testsuite>