<?xml version="1.0" encoding="UTF-8"?>
<testsuite xmlns:xsi="http://www.w3.org/2001/XMLSchema-instance" xsi:noNamespaceSchemaLocation="https://maven.apache.org/surefire/maven-surefire-plugin/xsd/surefire-test-report-3.0.xsd" version="3.0" name="com.lexicon.springws.repository.BookLoanRepositoryTest" time="0.704" tests="6" errors="0" skipped="0" failures="1">
  <properties>
[...]
</properties>
  <testcase name="testFindByBookId" classname="com.lexicon.springws.repository.BookLoanRepositoryTest" time="0.019">
    <system-out><![CDATA[2025-04-16T10:34:28.760+02:00 DEBUG 5488 --- [           main] b.t.a.o.j.DataJpaTestContextBootstrapper : Neither @ContextConfiguration nor @ContextHierarchy found for test class [BookLoanRepositoryTest]: using SpringBootContextLoader
2025-04-16T10:34:28.761+02:00 DEBUG 5488 --- [           main] o.s.t.c.support.AbstractContextLoader    : Could not detect default resource locations for test class [com.lexicon.springws.repository.BookLoanRepositoryTest]: no resource found for suffixes {-context.xml, Context.groovy}.
2025-04-16T10:34:28.761+02:00  INFO 5488 --- [           main] t.c.s.AnnotationConfigContextLoaderUtils : Could not detect default configuration classes for test class [com.lexicon.springws.repository.BookLoanRepositoryTest]: BookLoanRepositoryTest does not declare any static, non-private, non-final, nested classes annotated with @Configuration.
2025-04-16T10:34:28.762+02:00 DEBUG 5488 --- [           main] b.t.a.o.j.DataJpaTestContextBootstrapper : Using ContextCustomizerFactory implementations for test class [BookLoanRepositoryTest]: [ImportsContextCustomizerFactory, ExcludeFilterContextCustomizerFactory, HttpGraphQlTesterContextCustomizerFactory, DuplicateJsonObjectContextCustomizerFactory, MockitoContextCustomizerFactory, TestRestTemplateContextCustomizerFactory, WebTestClientContextCustomizerFactory, OverrideAutoConfigurationContextCustomizerFactory, ObservabilityContextCustomizerFactory, TypeExcludeFiltersContextCustomizerFactory, PropertyMappingContextCustomizerFactory, WebDriverContextCustomizerFactory, MockServerContainerContextCustomizerFactory, DynamicPropertiesContextCustomizerFactory]
2025-04-16T10:34:28.771+02:00 DEBUG 5488 --- [           main] b.t.a.o.j.DataJpaTestContextBootstrapper : Using ContextCustomizers for test class [BookLoanRepositoryTest]: [ImportsContextCustomizer, ExcludeFilterContextCustomizer, DuplicateJsonObjectContextCustomizer, MockitoContextCustomizer, DisableAutoConfigurationContextCustomizer, DisableObservabilityContextCustomizer, TypeExcludeFiltersContextCustomizer, PropertyMappingContextCustomizer, WebDriverContextCustomizer]
2025-04-16T10:34:28.788+02:00 DEBUG 5488 --- [           main] ssPathScanningCandidateComponentProvider : Identified candidate component class: file [C:\Dev\Lexicon\Exercises\SpringWS\JPAWsPt3-4\target\classes\com\lexicon\springws\SpringWsApplication.class]
2025-04-16T10:34:28.789+02:00  INFO 5488 --- [           main] .b.t.c.SpringBootTestContextBootstrapper : Found @SpringBootConfiguration com.lexicon.springws.SpringWsApplication for test class com.lexicon.springws.repository.BookLoanRepositoryTest
2025-04-16T10:34:28.790+02:00 DEBUG 5488 --- [           main] .s.t.c.u.TestContextSpringFactoriesUtils : Skipping candidate TestExecutionListener [org.springframework.test.context.observation.MicrometerObservationRegistryTestExecutionListener] due to a missing dependency. Specify custom TestExecutionListener classes or make the default TestExecutionListener classes and their required dependencies available. Offending class: io.micrometer.context.ThreadLocalAccessor. MicrometerObservationRegistryTestExecutionListener requires io.micrometer:micrometer-observation:1.10.8 or higher and io.micrometer:context-propagation:1.0.3 or higher.
2025-04-16T10:34:28.790+02:00 DEBUG 5488 --- [           main] b.t.a.o.j.DataJpaTestContextBootstrapper : Using TestExecutionListeners for test class [BookLoanRepositoryTest]: [ServletTestExecutionListener, DirtiesContextBeforeModesTestExecutionListener, ApplicationEventsTestExecutionListener, MockitoTestExecutionListener, DependencyInjectionTestExecutionListener, DirtiesContextTestExecutionListener, TransactionalTestExecutionListener, SqlScriptsTestExecutionListener, EventPublishingTestExecutionListener, ResetMocksTestExecutionListener, RestDocsTestExecutionListener, MockRestServiceServerResetTestExecutionListener, MockMvcPrintOnlyOnFailureTestExecutionListener, WebDriverTestExecutionListener, MockWebServiceServerTestExecutionListener]
2025-04-16T10:34:28.790+02:00 DEBUG 5488 --- [           main] sContextBeforeModesTestExecutionListener : Before test class: class [BookLoanRepositoryTest], class annotated with @DirtiesContext [false] with mode [null]
2025-04-16T10:34:28.791+02:00 DEBUG 5488 --- [           main] DependencyInjectionTestExecutionListener : Performing dependency injection for test class com.lexicon.springws.repository.BookLoanRepositoryTest
2025-04-16T10:34:28.816+02:00 DEBUG 5488 --- [           main] o.s.boot.ApplicationEnvironment          : Activating profiles [test]

  .   ____          _            __ _ _
 /\\ / ___'_ __ _ _(_)_ __  __ _ \ \ \ \
( ( )\___ | '_ | '_| | '_ \/ _` | \ \ \ \
 \\/  ___)| |_)| | | | | || (_| |  ) ) ) )
  '  |____| .__|_| |_|_| |_\__, | / / / /
 =========|_|==============|___/=/_/_/_/
 :: Spring Boot ::                (v3.2.3)

2025-04-16T10:34:28.825+02:00  INFO 5488 --- [           main] c.l.s.repository.BookLoanRepositoryTest  : Starting BookLoanRepositoryTest using Java 21.0.6 with PID 5488 (started by eliza in C:\Dev\Lexicon\Exercises\SpringWS\JPAWsPt3-4)
2025-04-16T10:34:28.826+02:00  INFO 5488 --- [           main] c.l.s.repository.BookLoanRepositoryTest  : The following 1 profile is active: "test"
2025-04-16T10:34:28.826+02:00 DEBUG 5488 --- [           main] o.s.boot.SpringApplication               : Loading source class com.lexicon.springws.SpringWsApplication
2025-04-16T10:34:28.827+02:00 DEBUG 5488 --- [           main] s.c.a.AnnotationConfigApplicationContext : Refreshing org.springframework.context.annotation.AnnotationConfigApplicationContext@5910c67e
2025-04-16T10:34:28.831+02:00 DEBUG 5488 --- [           main] o.s.b.f.s.DefaultListableBeanFactory     : Creating shared instance of singleton bean 'org.springframework.context.annotation.internalConfigurationAnnotationProcessor'
2025-04-16T10:34:28.831+02:00 DEBUG 5488 --- [           main] o.s.b.f.s.DefaultListableBeanFactory     : Creating shared instance of singleton bean 'org.springframework.boot.autoconfigure.internalCachingMetadataReaderFactory'
2025-04-16T10:34:28.920+02:00  INFO 5488 --- [           main] .s.d.r.c.RepositoryConfigurationDelegate : Bootstrapping Spring Data JPA repositories in DEFAULT mode.
2025-04-16T10:34:28.920+02:00 DEBUG 5488 --- [           main] o.s.b.f.s.DefaultListableBeanFactory     : Creating shared instance of singleton bean 'org.springframework.boot.autoconfigure.AutoConfigurationPackages'
2025-04-16T10:34:28.921+02:00 DEBUG 5488 --- [           main] o.s.b.a.AutoConfigurationPackages        : @EnableAutoConfiguration was declared on a class in the package 'com.lexicon.springws'. Automatic @Repository and @Entity scanning is enabled.
2025-04-16T10:34:28.921+02:00 DEBUG 5488 --- [           main] .s.d.r.c.RepositoryConfigurationDelegate : Scanning for JPA repositories in packages com.lexicon.springws.
2025-04-16T10:34:28.925+02:00 DEBUG 5488 --- [           main] o.s.d.r.c.RepositoryComponentProvider    : Identified candidate component class: file [C:\Dev\Lexicon\Exercises\SpringWS\JPAWsPt3-4\target\classes\com\lexicon\springws\repository\AppUserRepository.class]
2025-04-16T10:34:28.925+02:00 DEBUG 5488 --- [           main] o.s.d.r.c.RepositoryComponentProvider    : Identified candidate component class: file [C:\Dev\Lexicon\Exercises\SpringWS\JPAWsPt3-4\target\classes\com\lexicon\springws\repository\AuthorRepository.class]
2025-04-16T10:34:28.925+02:00 DEBUG 5488 --- [           main] o.s.d.r.c.RepositoryComponentProvider    : Identified candidate component class: file [C:\Dev\Lexicon\Exercises\SpringWS\JPAWsPt3-4\target\classes\com\lexicon\springws\repository\BookLoanRepository.class]
2025-04-16T10:34:28.925+02:00 DEBUG 5488 --- [           main] o.s.d.r.c.RepositoryComponentProvider    : Identified candidate component class: file [C:\Dev\Lexicon\Exercises\SpringWS\JPAWsPt3-4\target\classes\com\lexicon\springws\repository\BookRepository.class]
2025-04-16T10:34:28.929+02:00 DEBUG 5488 --- [           main] ssPathScanningCandidateComponentProvider : Identified candidate component class: file [C:\Dev\Lexicon\Exercises\SpringWS\JPAWsPt3-4\target\classes\com\lexicon\springws\dao\AuthorDaoImpl.class]
2025-04-16T10:34:28.935+02:00  INFO 5488 --- [           main] .s.d.r.c.RepositoryConfigurationDelegate : Finished Spring Data repository scanning in 14 ms. Found 4 JPA repository interfaces.
2025-04-16T10:34:28.945+02:00 DEBUG 5488 --- [           main] o.s.b.f.s.DefaultListableBeanFactory     : Creating shared instance of singleton bean 'org.springframework.boot.test.context.ImportsContextCustomizer$ImportsCleanupPostProcessor'
2025-04-16T10:34:28.945+02:00 DEBUG 5488 --- [           main] o.s.b.f.s.DefaultListableBeanFactory     : Creating shared instance of singleton bean 'embeddedDataSourceBeanFactoryPostProcessor'
2025-04-16T10:34:28.947+02:00  INFO 5488 --- [           main] beddedDataSourceBeanFactoryPostProcessor : Replacing 'dataSource' DataSource bean with embedded version
2025-04-16T10:34:28.949+02:00 DEBUG 5488 --- [           main] o.s.b.f.s.DefaultListableBeanFactory     : Creating shared instance of singleton bean 'org.springframework.boot.test.mock.mockito.MockitoPostProcessor'
2025-04-16T10:34:28.950+02:00 DEBUG 5488 --- [           main] o.s.b.f.s.DefaultListableBeanFactory     : Creating shared instance of singleton bean 'emBeanDefinitionRegistrarPostProcessor'
2025-04-16T10:34:28.950+02:00 DEBUG 5488 --- [           main] o.s.b.f.s.DefaultListableBeanFactory     : Creating shared instance of singleton bean 'org.springframework.boot.sql.init.dependency.DatabaseInitializationDependencyConfigurer$DependsOnDatabaseInitializationPostProcessor'
2025-04-16T10:34:28.952+02:00 DEBUG 5488 --- [           main] o.s.b.f.s.DefaultListableBeanFactory     : Creating shared instance of singleton bean 'org.springframework.context.event.internalEventListenerProcessor'
2025-04-16T10:34:28.953+02:00 DEBUG 5488 --- [           main] o.s.b.f.s.DefaultListableBeanFactory     : Creating shared instance of singleton bean 'org.springframework.context.event.internalEventListenerFactory'
2025-04-16T10:34:28.953+02:00 DEBUG 5488 --- [           main] o.s.b.f.s.DefaultListableBeanFactory     : Creating shared instance of singleton bean 'org.springframework.transaction.config.internalTransactionalEventListenerFactory'
2025-04-16T10:34:28.953+02:00 DEBUG 5488 --- [           main] o.s.b.f.s.DefaultListableBeanFactory     : Creating shared instance of singleton bean 'org.springframework.context.annotation.internalAutowiredAnnotationProcessor'
2025-04-16T10:34:28.954+02:00 DEBUG 5488 --- [           main] o.s.b.f.s.DefaultListableBeanFactory     : Creating shared instance of singleton bean 'org.springframework.context.annotation.internalCommonAnnotationProcessor'
2025-04-16T10:34:28.954+02:00 DEBUG 5488 --- [           main] o.s.b.f.s.DefaultListableBeanFactory     : Creating shared instance of singleton bean 'org.springframework.context.annotation.internalPersistenceAnnotationProcessor'
2025-04-16T10:34:28.954+02:00 DEBUG 5488 --- [           main] o.s.b.f.s.DefaultListableBeanFactory     : Creating shared instance of singleton bean 'org.springframework.boot.test.mock.mockito.MockitoPostProcessor$SpyPostProcessor'
2025-04-16T10:34:28.955+02:00 DEBUG 5488 --- [           main] o.s.b.f.s.DefaultListableBeanFactory     : Creating shared instance of singleton bean 'jdbcConnectionDetailsHikariBeanPostProcessor'
2025-04-16T10:34:28.955+02:00 DEBUG 5488 --- [           main] o.s.b.f.s.DefaultListableBeanFactory     : Creating shared instance of singleton bean 'org.springframework.boot.context.properties.ConfigurationPropertiesBindingPostProcessor'
2025-04-16T10:34:28.955+02:00 DEBUG 5488 --- [           main] o.s.b.f.s.DefaultListableBeanFactory     : Creating shared instance of singleton bean 'org.springframework.boot.context.internalConfigurationPropertiesBinder'
2025-04-16T10:34:28.955+02:00 DEBUG 5488 --- [           main] o.s.b.f.s.DefaultListableBeanFactory     : Creating shared instance of singleton bean 'org.springframework.aop.config.internalAutoProxyCreator'
2025-04-16T10:34:28.957+02:00 DEBUG 5488 --- [           main] o.s.b.f.s.DefaultListableBeanFactory     : Creating shared instance of singleton bean 'entityManagerFactory'
2025-04-16T10:34:28.957+02:00 DEBUG 5488 --- [           main] o.s.b.f.s.DefaultListableBeanFactory     : Creating shared instance of singleton bean 'org.springframework.boot.autoconfigure.orm.jpa.HibernateJpaConfiguration'
2025-04-16T10:34:28.957+02:00 DEBUG 5488 --- [           main] o.s.b.f.s.DefaultListableBeanFactory     : Creating shared instance of singleton bean 'dataSource'
2025-04-16T10:34:28.957+02:00  INFO 5488 --- [           main] o.s.j.d.e.EmbeddedDatabaseFactory        : Starting embedded database: url='jdbc:h2:mem:312398af-d95c-42bc-b737-6cb4d2803edc;DB_CLOSE_DELAY=-1;DB_CLOSE_ON_EXIT=false', username='sa'
2025-04-16T10:34:28.957+02:00 DEBUG 5488 --- [           main] o.s.jdbc.datasource.DataSourceUtils      : Fetching JDBC Connection from DataSource
2025-04-16T10:34:28.957+02:00 DEBUG 5488 --- [           main] o.s.j.datasource.SimpleDriverDataSource  : Creating new JDBC Driver Connection to [jdbc:h2:mem:312398af-d95c-42bc-b737-6cb4d2803edc;DB_CLOSE_DELAY=-1;DB_CLOSE_ON_EXIT=false]
2025-04-16T10:34:28.960+02:00 DEBUG 5488 --- [           main] o.s.b.f.s.DefaultListableBeanFactory     : Creating shared instance of singleton bean 'org.springframework.transaction.config.internalTransactionAdvisor'
2025-04-16T10:34:28.960+02:00 DEBUG 5488 --- [           main] o.s.b.f.s.DefaultListableBeanFactory     : Creating shared instance of singleton bean 'org.springframework.transaction.annotation.ProxyTransactionManagementConfiguration'
2025-04-16T10:34:28.961+02:00 DEBUG 5488 --- [           main] o.s.b.f.s.DefaultListableBeanFactory     : Creating shared instance of singleton bean 'transactionAttributeSource'
2025-04-16T10:34:28.962+02:00 DEBUG 5488 --- [           main] o.s.b.f.s.DefaultListableBeanFactory     : Creating shared instance of singleton bean 'transactionInterceptor'
2025-04-16T10:34:28.962+02:00 DEBUG 5488 --- [           main] o.s.b.f.s.DefaultListableBeanFactory     : Autowiring by type from bean name 'transactionInterceptor' via factory method to bean named 'transactionAttributeSource'
2025-04-16T10:34:28.962+02:00 DEBUG 5488 --- [           main] o.s.b.f.s.DefaultListableBeanFactory     : Autowiring by type from bean name 'org.springframework.transaction.config.internalTransactionAdvisor' via factory method to bean named 'transactionAttributeSource'
2025-04-16T10:34:28.962+02:00 DEBUG 5488 --- [           main] o.s.b.f.s.DefaultListableBeanFactory     : Autowiring by type from bean name 'org.springframework.transaction.config.internalTransactionAdvisor' via factory method to bean named 'transactionInterceptor'
2025-04-16T10:34:28.963+02:00 DEBUG 5488 --- [           main] o.s.b.f.s.DefaultListableBeanFactory     : Creating shared instance of singleton bean 'spring.jpa-org.springframework.boot.autoconfigure.orm.jpa.JpaProperties'
2025-04-16T10:34:28.963+02:00 DEBUG 5488 --- [           main] o.s.b.f.s.DefaultListableBeanFactory     : Creating shared instance of singleton bean 'org.springframework.boot.context.properties.BoundConfigurationProperties'
2025-04-16T10:34:28.967+02:00 DEBUG 5488 --- [           main] o.s.b.f.s.DefaultListableBeanFactory     : Creating shared instance of singleton bean 'spring.jpa.hibernate-org.springframework.boot.autoconfigure.orm.jpa.HibernateProperties'
2025-04-16T10:34:28.969+02:00 DEBUG 5488 --- [           main] o.s.b.f.s.DefaultListableBeanFactory     : Autowiring by type from bean name 'org.springframework.boot.autoconfigure.orm.jpa.HibernateJpaConfiguration' via constructor to bean named 'dataSource'
2025-04-16T10:34:28.969+02:00 DEBUG 5488 --- [           main] o.s.b.f.s.DefaultListableBeanFactory     : Autowiring by type from bean name 'org.springframework.boot.autoconfigure.orm.jpa.HibernateJpaConfiguration' via constructor to bean named 'spring.jpa-org.springframework.boot.autoconfigure.orm.jpa.JpaProperties'
2025-04-16T10:34:28.969+02:00 DEBUG 5488 --- [           main] o.s.b.f.s.DefaultListableBeanFactory     : Autowiring by type from bean name 'org.springframework.boot.autoconfigure.orm.jpa.HibernateJpaConfiguration' via constructor to bean named 'org.springframework.beans.factory.support.DefaultListableBeanFactory@1014c825'
2025-04-16T10:34:28.969+02:00 DEBUG 5488 --- [           main] o.s.b.f.s.DefaultListableBeanFactory     : Autowiring by type from bean name 'org.springframework.boot.autoconfigure.orm.jpa.HibernateJpaConfiguration' via constructor to bean named 'spring.jpa.hibernate-org.springframework.boot.autoconfigure.orm.jpa.HibernateProperties'
2025-04-16T10:34:28.970+02:00 DEBUG 5488 --- [           main] o.s.b.f.s.DefaultListableBeanFactory     : Creating shared instance of singleton bean 'hikariPoolDataSourceMetadataProvider'
2025-04-16T10:34:28.970+02:00 DEBUG 5488 --- [           main] o.s.b.f.s.DefaultListableBeanFactory     : Creating shared instance of singleton bean 'org.springframework.boot.autoconfigure.jdbc.metadata.DataSourcePoolMetadataProvidersConfiguration$HikariPoolDataSourceMetadataProviderConfiguration'
2025-04-16T10:34:28.972+02:00 DEBUG 5488 --- [           main] o.s.b.f.s.DefaultListableBeanFactory     : Creating shared instance of singleton bean 'entityManagerFactoryBuilder'
2025-04-16T10:34:28.972+02:00 DEBUG 5488 --- [           main] o.s.b.f.s.DefaultListableBeanFactory     : Creating shared instance of singleton bean 'jpaVendorAdapter'
2025-04-16T10:34:28.972+02:00 DEBUG 5488 --- [           main] o.s.b.f.s.DefaultListableBeanFactory     : Autowiring by type from bean name 'entityManagerFactoryBuilder' via factory method to bean named 'jpaVendorAdapter'
2025-04-16T10:34:28.973+02:00 DEBUG 5488 --- [           main] o.s.b.f.s.DefaultListableBeanFactory     : Creating shared instance of singleton bean 'persistenceManagedTypes'
2025-04-16T10:34:28.973+02:00 DEBUG 5488 --- [           main] o.s.b.f.s.DefaultListableBeanFactory     : Autowiring by type from bean name 'persistenceManagedTypes' via factory method to bean named 'org.springframework.beans.factory.support.DefaultListableBeanFactory@1014c825'
2025-04-16T10:34:28.973+02:00 DEBUG 5488 --- [           main] o.s.b.f.s.DefaultListableBeanFactory     : Autowiring by type from bean name 'persistenceManagedTypes' via factory method to bean named 'org.springframework.context.annotation.AnnotationConfigApplicationContext@5910c67e'
2025-04-16T10:34:28.976+02:00 DEBUG 5488 --- [           main] o.s.b.f.s.DefaultListableBeanFactory     : Autowiring by type from bean name 'entityManagerFactory' via factory method to bean named 'entityManagerFactoryBuilder'
2025-04-16T10:34:28.976+02:00 DEBUG 5488 --- [           main] o.s.b.f.s.DefaultListableBeanFactory     : Autowiring by type from bean name 'entityManagerFactory' via factory method to bean named 'persistenceManagedTypes'
2025-04-16T10:34:28.977+02:00 DEBUG 5488 --- [           main] j.LocalContainerEntityManagerFactoryBean : Building JPA container EntityManagerFactory for persistence unit 'default'
2025-04-16T10:34:28.977+02:00 DEBUG 5488 --- [           main] o.hibernate.jpa.internal.util.LogHelper  : PersistenceUnitInfo [
	name: default
	persistence provider classname: null
	classloader: jdk.internal.loader.ClassLoaders$AppClassLoader@70dea4e
	excludeUnlistedClasses: true
	JTA datasource: null
	Non JTA datasource: org.springframework.jdbc.datasource.embedded.EmbeddedDatabaseFactory$EmbeddedDataSourceProxy@1a9cfd5f
	Transaction type: RESOURCE_LOCAL
	PU root URL: file:/C:/Dev/Lexicon/Exercises/SpringWS/JPAWsPt3-4/target/test-classes/
	Shared Cache Mode: UNSPECIFIED
	Validation Mode: AUTO
	Jar files URLs []
	Managed classes names [
		com.lexicon.springws.entity.AppUser
		com.lexicon.springws.entity.Author
		com.lexicon.springws.entity.Book
		com.lexicon.springws.entity.BookLoan]
	Mapping files names []
	Properties []
2025-04-16T10:34:28.977+02:00 DEBUG 5488 --- [           main] o.h.i.internal.IntegratorServiceImpl     : Adding Integrator [org.hibernate.boot.beanvalidation.BeanValidationIntegrator].
2025-04-16T10:34:28.977+02:00 DEBUG 5488 --- [           main] o.h.i.internal.IntegratorServiceImpl     : Adding Integrator [org.hibernate.cache.internal.CollectionCacheInvalidator].
2025-04-16T10:34:28.979+02:00 DEBUG 5488 --- [           main] org.hibernate.orm.idgen.factory          : Registering IdentifierGenerator strategy [uuid2] -> [org.hibernate.id.UUIDGenerator]
2025-04-16T10:34:28.979+02:00 DEBUG 5488 --- [           main] org.hibernate.orm.idgen.factory          : Registering IdentifierGenerator strategy [guid] -> [org.hibernate.id.GUIDGenerator]
2025-04-16T10:34:28.979+02:00 DEBUG 5488 --- [           main] org.hibernate.orm.idgen.factory          : Registering IdentifierGenerator strategy [uuid] -> [org.hibernate.id.UUIDHexGenerator]
2025-04-16T10:34:28.979+02:00 DEBUG 5488 --- [           main] org.hibernate.orm.idgen.factory          : Registering IdentifierGenerator strategy [uuid.hex] -> [org.hibernate.id.UUIDHexGenerator]
2025-04-16T10:34:28.979+02:00 DEBUG 5488 --- [           main] org.hibernate.orm.idgen.factory          : Registering IdentifierGenerator strategy [assigned] -> [org.hibernate.id.Assigned]
2025-04-16T10:34:28.979+02:00 DEBUG 5488 --- [           main] org.hibernate.orm.idgen.factory          : Registering IdentifierGenerator strategy [identity] -> [org.hibernate.id.IdentityGenerator]
2025-04-16T10:34:28.979+02:00 DEBUG 5488 --- [           main] org.hibernate.orm.idgen.factory          : Registering IdentifierGenerator strategy [select] -> [org.hibernate.id.SelectGenerator]
2025-04-16T10:34:28.979+02:00 DEBUG 5488 --- [           main] org.hibernate.orm.idgen.factory          : Registering IdentifierGenerator strategy [sequence] -> [org.hibernate.id.enhanced.SequenceStyleGenerator]
2025-04-16T10:34:28.979+02:00 DEBUG 5488 --- [           main] org.hibernate.orm.idgen.factory          : Registering IdentifierGenerator strategy [increment] -> [org.hibernate.id.IncrementGenerator]
2025-04-16T10:34:28.979+02:00 DEBUG 5488 --- [           main] org.hibernate.orm.idgen.factory          : Registering IdentifierGenerator strategy [foreign] -> [org.hibernate.id.ForeignGenerator]
2025-04-16T10:34:28.979+02:00 DEBUG 5488 --- [           main] org.hibernate.orm.idgen.factory          : Registering IdentifierGenerator strategy [enhanced-sequence] -> [org.hibernate.id.enhanced.SequenceStyleGenerator]
2025-04-16T10:34:28.979+02:00 DEBUG 5488 --- [           main] org.hibernate.orm.idgen.factory          : Registering IdentifierGenerator strategy [enhanced-table] -> [org.hibernate.id.enhanced.TableGenerator]
2025-04-16T10:34:28.979+02:00 DEBUG 5488 --- [           main] o.h.c.internal.RegionFactoryInitiator    : Cannot default RegionFactory based on registered strategies as `[]` RegionFactory strategies were registered
2025-04-16T10:34:28.979+02:00  INFO 5488 --- [           main] o.h.c.internal.RegionFactoryInitiator    : HHH000026: Second-level cache disabled
2025-04-16T10:34:28.979+02:00 DEBUG 5488 --- [           main] org.hibernate.type.BasicTypeRegistry     : Adding type registration boolean -> org.hibernate.type.BasicTypeReference@5382184b
2025-04-16T10:34:28.979+02:00 DEBUG 5488 --- [           main] org.hibernate.type.BasicTypeRegistry     : Adding type registration boolean -> org.hibernate.type.BasicTypeReference@5382184b
2025-04-16T10:34:28.979+02:00 DEBUG 5488 --- [           main] org.hibernate.type.BasicTypeRegistry     : Adding type registration java.lang.Boolean -> org.hibernate.type.BasicTypeReference@5382184b
2025-04-16T10:34:28.979+02:00 DEBUG 5488 --- [           main] org.hibernate.type.BasicTypeRegistry     : Adding type registration numeric_boolean -> org.hibernate.type.BasicTypeReference@77cb452c
2025-04-16T10:34:28.979+02:00 DEBUG 5488 --- [           main] org.hibernate.type.BasicTypeRegistry     : Adding type registration org.hibernate.type.NumericBooleanConverter -> org.hibernate.type.BasicTypeReference@77cb452c
2025-04-16T10:34:28.979+02:00 DEBUG 5488 --- [           main] org.hibernate.type.BasicTypeRegistry     : Adding type registration true_false -> org.hibernate.type.BasicTypeReference@2213639b
2025-04-16T10:34:28.979+02:00 DEBUG 5488 --- [           main] org.hibernate.type.BasicTypeRegistry     : Adding type registration org.hibernate.type.TrueFalseConverter -> org.hibernate.type.BasicTypeReference@2213639b
2025-04-16T10:34:28.979+02:00 DEBUG 5488 --- [           main] org.hibernate.type.BasicTypeRegistry     : Adding type registration yes_no -> org.hibernate.type.BasicTypeReference@2c26ba07
2025-04-16T10:34:28.979+02:00 DEBUG 5488 --- [           main] org.hibernate.type.BasicTypeRegistry     : Adding type registration org.hibernate.type.YesNoConverter -> org.hibernate.type.BasicTypeReference@2c26ba07
2025-04-16T10:34:28.979+02:00 DEBUG 5488 --- [           main] org.hibernate.type.BasicTypeRegistry     : Adding type registration byte -> org.hibernate.type.BasicTypeReference@6f25bf88
2025-04-16T10:34:28.980+02:00 DEBUG 5488 --- [           main] org.hibernate.type.BasicTypeRegistry     : Adding type registration byte -> org.hibernate.type.BasicTypeReference@6f25bf88
2025-04-16T10:34:28.980+02:00 DEBUG 5488 --- [           main] org.hibernate.type.BasicTypeRegistry     : Adding type registration java.lang.Byte -> org.hibernate.type.BasicTypeReference@6f25bf88
2025-04-16T10:34:28.980+02:00 DEBUG 5488 --- [           main] org.hibernate.type.BasicTypeRegistry     : Adding type registration binary -> org.hibernate.type.BasicTypeReference@42ea7565
2025-04-16T10:34:28.980+02:00 DEBUG 5488 --- [           main] org.hibernate.type.BasicTypeRegistry     : Adding type registration byte[] -> org.hibernate.type.BasicTypeReference@42ea7565
2025-04-16T10:34:28.980+02:00 DEBUG 5488 --- [           main] org.hibernate.type.BasicTypeRegistry     : Adding type registration [B -> org.hibernate.type.BasicTypeReference@42ea7565
2025-04-16T10:34:28.980+02:00 DEBUG 5488 --- [           main] org.hibernate.type.BasicTypeRegistry     : Adding type registration binary_wrapper -> org.hibernate.type.BasicTypeReference@7b5cc918
2025-04-16T10:34:28.980+02:00 DEBUG 5488 --- [           main] org.hibernate.type.BasicTypeRegistry     : Adding type registration wrapper-binary -> org.hibernate.type.BasicTypeReference@7b5cc918
2025-04-16T10:34:28.980+02:00 DEBUG 5488 --- [           main] org.hibernate.type.BasicTypeRegistry     : Adding type registration image -> org.hibernate.type.BasicTypeReference@62b3a2f6
2025-04-16T10:34:28.980+02:00 DEBUG 5488 --- [           main] org.hibernate.type.BasicTypeRegistry     : Adding type registration blob -> org.hibernate.type.BasicTypeReference@202898d7
2025-04-16T10:34:28.980+02:00 DEBUG 5488 --- [           main] org.hibernate.type.BasicTypeRegistry     : Adding type registration java.sql.Blob -> org.hibernate.type.BasicTypeReference@202898d7
2025-04-16T10:34:28.980+02:00 DEBUG 5488 --- [           main] org.hibernate.type.BasicTypeRegistry     : Adding type registration materialized_blob -> org.hibernate.type.BasicTypeReference@317890ea
2025-04-16T10:34:28.980+02:00 DEBUG 5488 --- [           main] org.hibernate.type.BasicTypeRegistry     : Adding type registration materialized_blob_wrapper -> org.hibernate.type.BasicTypeReference@2c719bd4
2025-04-16T10:34:28.980+02:00 DEBUG 5488 --- [           main] org.hibernate.type.BasicTypeRegistry     : Adding type registration short -> org.hibernate.type.BasicTypeReference@53aa38be
2025-04-16T10:34:28.980+02:00 DEBUG 5488 --- [           main] org.hibernate.type.BasicTypeRegistry     : Adding type registration short -> org.hibernate.type.BasicTypeReference@53aa38be
2025-04-16T10:34:28.980+02:00 DEBUG 5488 --- [           main] org.hibernate.type.BasicTypeRegistry     : Adding type registration java.lang.Short -> org.hibernate.type.BasicTypeReference@53aa38be
2025-04-16T10:34:28.980+02:00 DEBUG 5488 --- [           main] org.hibernate.type.BasicTypeRegistry     : Adding type registration integer -> org.hibernate.type.BasicTypeReference@37a0ec3c
2025-04-16T10:34:28.980+02:00 DEBUG 5488 --- [           main] org.hibernate.type.BasicTypeRegistry     : Adding type registration int -> org.hibernate.type.BasicTypeReference@37a0ec3c
2025-04-16T10:34:28.980+02:00 DEBUG 5488 --- [           main] org.hibernate.type.BasicTypeRegistry     : Adding type registration java.lang.Integer -> org.hibernate.type.BasicTypeReference@37a0ec3c
2025-04-16T10:34:28.980+02:00 DEBUG 5488 --- [           main] org.hibernate.type.BasicTypeRegistry     : Adding type registration long -> org.hibernate.type.BasicTypeReference@422ad5e2
2025-04-16T10:34:28.980+02:00 DEBUG 5488 --- [           main] org.hibernate.type.BasicTypeRegistry     : Adding type registration long -> org.hibernate.type.BasicTypeReference@422ad5e2
2025-04-16T10:34:28.980+02:00 DEBUG 5488 --- [           main] org.hibernate.type.BasicTypeRegistry     : Adding type registration java.lang.Long -> org.hibernate.type.BasicTypeReference@422ad5e2
2025-04-16T10:34:28.980+02:00 DEBUG 5488 --- [           main] org.hibernate.type.BasicTypeRegistry     : Adding type registration float -> org.hibernate.type.BasicTypeReference@62a54948
2025-04-16T10:34:28.980+02:00 DEBUG 5488 --- [           main] org.hibernate.type.BasicTypeRegistry     : Adding type registration float -> org.hibernate.type.BasicTypeReference@62a54948
2025-04-16T10:34:28.980+02:00 DEBUG 5488 --- [           main] org.hibernate.type.BasicTypeRegistry     : Adding type registration java.lang.Float -> org.hibernate.type.BasicTypeReference@62a54948
2025-04-16T10:34:28.980+02:00 DEBUG 5488 --- [           main] org.hibernate.type.BasicTypeRegistry     : Adding type registration double -> org.hibernate.type.BasicTypeReference@6048e26a
2025-04-16T10:34:28.980+02:00 DEBUG 5488 --- [           main] org.hibernate.type.BasicTypeRegistry     : Adding type registration double -> org.hibernate.type.BasicTypeReference@6048e26a
2025-04-16T10:34:28.980+02:00 DEBUG 5488 --- [           main] org.hibernate.type.BasicTypeRegistry     : Adding type registration java.lang.Double -> org.hibernate.type.BasicTypeReference@6048e26a
2025-04-16T10:34:28.980+02:00 DEBUG 5488 --- [           main] org.hibernate.type.BasicTypeRegistry     : Adding type registration big_integer -> org.hibernate.type.BasicTypeReference@50b93353
2025-04-16T10:34:28.980+02:00 DEBUG 5488 --- [           main] org.hibernate.type.BasicTypeRegistry     : Adding type registration java.math.BigInteger -> org.hibernate.type.BasicTypeReference@50b93353
2025-04-16T10:34:28.980+02:00 DEBUG 5488 --- [           main] org.hibernate.type.BasicTypeRegistry     : Adding type registration big_decimal -> org.hibernate.type.BasicTypeReference@44286963
2025-04-16T10:34:28.980+02:00 DEBUG 5488 --- [           main] org.hibernate.type.BasicTypeRegistry     : Adding type registration java.math.BigDecimal -> org.hibernate.type.BasicTypeReference@44286963
2025-04-16T10:34:28.980+02:00 DEBUG 5488 --- [           main] org.hibernate.type.BasicTypeRegistry     : Adding type registration character -> org.hibernate.type.BasicTypeReference@c8f97a7
2025-04-16T10:34:28.980+02:00 DEBUG 5488 --- [           main] org.hibernate.type.BasicTypeRegistry     : Adding type registration char -> org.hibernate.type.BasicTypeReference@c8f97a7
2025-04-16T10:34:28.980+02:00 DEBUG 5488 --- [           main] org.hibernate.type.BasicTypeRegistry     : Adding type registration java.lang.Character -> org.hibernate.type.BasicTypeReference@c8f97a7
2025-04-16T10:34:28.980+02:00 DEBUG 5488 --- [           main] org.hibernate.type.BasicTypeRegistry     : Adding type registration character_nchar -> org.hibernate.type.BasicTypeReference@2b736fee
2025-04-16T10:34:28.980+02:00 DEBUG 5488 --- [           main] org.hibernate.type.BasicTypeRegistry     : Adding type registration string -> org.hibernate.type.BasicTypeReference@3249e278
2025-04-16T10:34:28.980+02:00 DEBUG 5488 --- [           main] org.hibernate.type.BasicTypeRegistry     : Adding type registration java.lang.String -> org.hibernate.type.BasicTypeReference@3249e278
2025-04-16T10:34:28.980+02:00 DEBUG 5488 --- [           main] org.hibernate.type.BasicTypeRegistry     : Adding type registration nstring -> org.hibernate.type.BasicTypeReference@35adf623
2025-04-16T10:34:28.980+02:00 DEBUG 5488 --- [           main] org.hibernate.type.BasicTypeRegistry     : Adding type registration characters -> org.hibernate.type.BasicTypeReference@456f7d9e
2025-04-16T10:34:28.980+02:00 DEBUG 5488 --- [           main] org.hibernate.type.BasicTypeRegistry     : Adding type registration char[] -> org.hibernate.type.BasicTypeReference@456f7d9e
2025-04-16T10:34:28.980+02:00 DEBUG 5488 --- [           main] org.hibernate.type.BasicTypeRegistry     : Adding type registration [C -> org.hibernate.type.BasicTypeReference@456f7d9e
2025-04-16T10:34:28.980+02:00 DEBUG 5488 --- [           main] org.hibernate.type.BasicTypeRegistry     : Adding type registration wrapper-characters -> org.hibernate.type.BasicTypeReference@75d366c2
2025-04-16T10:34:28.980+02:00 DEBUG 5488 --- [           main] org.hibernate.type.BasicTypeRegistry     : Adding type registration text -> org.hibernate.type.BasicTypeReference@8f40022
2025-04-16T10:34:28.980+02:00 DEBUG 5488 --- [           main] org.hibernate.type.BasicTypeRegistry     : Adding type registration ntext -> org.hibernate.type.BasicTypeReference@5232e3f1
2025-04-16T10:34:28.980+02:00 DEBUG 5488 --- [           main] org.hibernate.type.BasicTypeRegistry     : Adding type registration clob -> org.hibernate.type.BasicTypeReference@6c8fe7a4
2025-04-16T10:34:28.980+02:00 DEBUG 5488 --- [           main] org.hibernate.type.BasicTypeRegistry     : Adding type registration java.sql.Clob -> org.hibernate.type.BasicTypeReference@6c8fe7a4
2025-04-16T10:34:28.980+02:00 DEBUG 5488 --- [           main] org.hibernate.type.BasicTypeRegistry     : Adding type registration nclob -> org.hibernate.type.BasicTypeReference@2047981
2025-04-16T10:34:28.980+02:00 DEBUG 5488 --- [           main] org.hibernate.type.BasicTypeRegistry     : Adding type registration java.sql.NClob -> org.hibernate.type.BasicTypeReference@2047981
2025-04-16T10:34:28.980+02:00 DEBUG 5488 --- [           main] org.hibernate.type.BasicTypeRegistry     : Adding type registration materialized_clob -> org.hibernate.type.BasicTypeReference@2ad99cf3
2025-04-16T10:34:28.980+02:00 DEBUG 5488 --- [           main] org.hibernate.type.BasicTypeRegistry     : Adding type registration materialized_clob_char_array -> org.hibernate.type.BasicTypeReference@6f31df32
2025-04-16T10:34:28.980+02:00 DEBUG 5488 --- [           main] org.hibernate.type.BasicTypeRegistry     : Adding type registration materialized_clob_character_array -> org.hibernate.type.BasicTypeReference@7c90b7b7
2025-04-16T10:34:28.980+02:00 DEBUG 5488 --- [           main] org.hibernate.type.BasicTypeRegistry     : Adding type registration materialized_nclob -> org.hibernate.type.BasicTypeReference@5d7911d5
2025-04-16T10:34:28.980+02:00 DEBUG 5488 --- [           main] org.hibernate.type.BasicTypeRegistry     : Adding type registration materialized_nclob_character_array -> org.hibernate.type.BasicTypeReference@3ba1308d
2025-04-16T10:34:28.980+02:00 DEBUG 5488 --- [           main] org.hibernate.type.BasicTypeRegistry     : Adding type registration materialized_nclob_char_array -> org.hibernate.type.BasicTypeReference@5a08b084
2025-04-16T10:34:28.980+02:00 DEBUG 5488 --- [           main] org.hibernate.type.BasicTypeRegistry     : Adding type registration Duration -> org.hibernate.type.BasicTypeReference@235c997d
2025-04-16T10:34:28.980+02:00 DEBUG 5488 --- [           main] org.hibernate.type.BasicTypeRegistry     : Adding type registration java.time.Duration -> org.hibernate.type.BasicTypeReference@235c997d
2025-04-16T10:34:28.980+02:00 DEBUG 5488 --- [           main] org.hibernate.type.BasicTypeRegistry     : Adding type registration LocalDateTime -> org.hibernate.type.BasicTypeReference@36bed37a
2025-04-16T10:34:28.980+02:00 DEBUG 5488 --- [           main] org.hibernate.type.BasicTypeRegistry     : Adding type registration java.time.LocalDateTime -> org.hibernate.type.BasicTypeReference@36bed37a
2025-04-16T10:34:28.980+02:00 DEBUG 5488 --- [           main] org.hibernate.type.BasicTypeRegistry     : Adding type registration LocalDate -> org.hibernate.type.BasicTypeReference@4a9a878
2025-04-16T10:34:28.980+02:00 DEBUG 5488 --- [           main] org.hibernate.type.BasicTypeRegistry     : Adding type registration java.time.LocalDate -> org.hibernate.type.BasicTypeReference@4a9a878
2025-04-16T10:34:28.980+02:00 DEBUG 5488 --- [           main] org.hibernate.type.BasicTypeRegistry     : Adding type registration LocalTime -> org.hibernate.type.BasicTypeReference@1b3ab4f9
2025-04-16T10:34:28.980+02:00 DEBUG 5488 --- [           main] org.hibernate.type.BasicTypeRegistry     : Adding type registration java.time.LocalTime -> org.hibernate.type.BasicTypeReference@1b3ab4f9
2025-04-16T10:34:28.980+02:00 DEBUG 5488 --- [           main] org.hibernate.type.BasicTypeRegistry     : Adding type registration OffsetDateTime -> org.hibernate.type.BasicTypeReference@5c6a5192
2025-04-16T10:34:28.980+02:00 DEBUG 5488 --- [           main] org.hibernate.type.BasicTypeRegistry     : Adding type registration java.time.OffsetDateTime -> org.hibernate.type.BasicTypeReference@5c6a5192
2025-04-16T10:34:28.980+02:00 DEBUG 5488 --- [           main] org.hibernate.type.BasicTypeRegistry     : Adding type registration OffsetDateTimeWithTimezone -> org.hibernate.type.BasicTypeReference@1c8f6c66
2025-04-16T10:34:28.980+02:00 DEBUG 5488 --- [           main] org.hibernate.type.BasicTypeRegistry     : Adding type registration OffsetDateTimeWithoutTimezone -> org.hibernate.type.BasicTypeReference@552cede7
2025-04-16T10:34:28.980+02:00 DEBUG 5488 --- [           main] org.hibernate.type.BasicTypeRegistry     : Adding type registration OffsetTime -> org.hibernate.type.BasicTypeReference@1b7f06c7
2025-04-16T10:34:28.980+02:00 DEBUG 5488 --- [           main] org.hibernate.type.BasicTypeRegistry     : Adding type registration java.time.OffsetTime -> org.hibernate.type.BasicTypeReference@1b7f06c7
2025-04-16T10:34:28.980+02:00 DEBUG 5488 --- [           main] org.hibernate.type.BasicTypeRegistry     : Adding type registration OffsetTimeUtc -> org.hibernate.type.BasicTypeReference@151732fb
2025-04-16T10:34:28.980+02:00 DEBUG 5488 --- [           main] org.hibernate.type.BasicTypeRegistry     : Adding type registration OffsetTimeWithTimezone -> org.hibernate.type.BasicTypeReference@729c8063
2025-04-16T10:34:28.980+02:00 DEBUG 5488 --- [           main] org.hibernate.type.BasicTypeRegistry     : Adding type registration OffsetTimeWithoutTimezone -> org.hibernate.type.BasicTypeReference@40ed1802
2025-04-16T10:34:28.980+02:00 DEBUG 5488 --- [           main] org.hibernate.type.BasicTypeRegistry     : Adding type registration ZonedDateTime -> org.hibernate.type.BasicTypeReference@23c767e6
2025-04-16T10:34:28.980+02:00 DEBUG 5488 --- [           main] org.hibernate.type.BasicTypeRegistry     : Adding type registration java.time.ZonedDateTime -> org.hibernate.type.BasicTypeReference@23c767e6
2025-04-16T10:34:28.980+02:00 DEBUG 5488 --- [           main] org.hibernate.type.BasicTypeRegistry     : Adding type registration ZonedDateTimeWithTimezone -> org.hibernate.type.BasicTypeReference@feb098f
2025-04-16T10:34:28.980+02:00 DEBUG 5488 --- [           main] org.hibernate.type.BasicTypeRegistry     : Adding type registration ZonedDateTimeWithoutTimezone -> org.hibernate.type.BasicTypeReference@19e21f89
2025-04-16T10:34:28.980+02:00 DEBUG 5488 --- [           main] org.hibernate.type.BasicTypeRegistry     : Adding type registration date -> org.hibernate.type.BasicTypeReference@31e739bf
2025-04-16T10:34:28.980+02:00 DEBUG 5488 --- [           main] org.hibernate.type.BasicTypeRegistry     : Adding type registration java.sql.Date -> org.hibernate.type.BasicTypeReference@31e739bf
2025-04-16T10:34:28.980+02:00 DEBUG 5488 --- [           main] org.hibernate.type.BasicTypeRegistry     : Adding type registration time -> org.hibernate.type.BasicTypeReference@29079032
2025-04-16T10:34:28.980+02:00 DEBUG 5488 --- [           main] org.hibernate.type.BasicTypeRegistry     : Adding type registration java.sql.Time -> org.hibernate.type.BasicTypeReference@29079032
2025-04-16T10:34:28.980+02:00 DEBUG 5488 --- [           main] org.hibernate.type.BasicTypeRegistry     : Adding type registration timestamp -> org.hibernate.type.BasicTypeReference@7e7743ec
2025-04-16T10:34:28.980+02:00 DEBUG 5488 --- [           main] org.hibernate.type.BasicTypeRegistry     : Adding type registration java.sql.Timestamp -> org.hibernate.type.BasicTypeReference@7e7743ec
2025-04-16T10:34:28.980+02:00 DEBUG 5488 --- [           main] org.hibernate.type.BasicTypeRegistry     : Adding type registration java.util.Date -> org.hibernate.type.BasicTypeReference@7e7743ec
2025-04-16T10:34:28.980+02:00 DEBUG 5488 --- [           main] org.hibernate.type.BasicTypeRegistry     : Adding type registration calendar -> org.hibernate.type.BasicTypeReference@776015fc
2025-04-16T10:34:28.980+02:00 DEBUG 5488 --- [           main] org.hibernate.type.BasicTypeRegistry     : Adding type registration java.util.Calendar -> org.hibernate.type.BasicTypeReference@776015fc
2025-04-16T10:34:28.980+02:00 DEBUG 5488 --- [           main] org.hibernate.type.BasicTypeRegistry     : Adding type registration java.util.GregorianCalendar -> org.hibernate.type.BasicTypeReference@776015fc
2025-04-16T10:34:28.980+02:00 DEBUG 5488 --- [           main] org.hibernate.type.BasicTypeRegistry     : Adding type registration calendar_date -> org.hibernate.type.BasicTypeReference@7f42e06e
2025-04-16T10:34:28.980+02:00 DEBUG 5488 --- [           main] org.hibernate.type.BasicTypeRegistry     : Adding type registration calendar_time -> org.hibernate.type.BasicTypeReference@6ad179b4
2025-04-16T10:34:28.980+02:00 DEBUG 5488 --- [           main] org.hibernate.type.BasicTypeRegistry     : Adding type registration instant -> org.hibernate.type.BasicTypeReference@2efd2f21
2025-04-16T10:34:28.980+02:00 DEBUG 5488 --- [           main] org.hibernate.type.BasicTypeRegistry     : Adding type registration java.time.Instant -> org.hibernate.type.BasicTypeReference@2efd2f21
2025-04-16T10:34:28.980+02:00 DEBUG 5488 --- [           main] org.hibernate.type.BasicTypeRegistry     : Adding type registration uuid -> org.hibernate.type.BasicTypeReference@59c500f7
2025-04-16T10:34:28.980+02:00 DEBUG 5488 --- [           main] org.hibernate.type.BasicTypeRegistry     : Adding type registration java.util.UUID -> org.hibernate.type.BasicTypeReference@59c500f7
2025-04-16T10:34:28.980+02:00 DEBUG 5488 --- [           main] org.hibernate.type.BasicTypeRegistry     : Adding type registration pg-uuid -> org.hibernate.type.BasicTypeReference@59c500f7
2025-04-16T10:34:28.980+02:00 DEBUG 5488 --- [           main] org.hibernate.type.BasicTypeRegistry     : Adding type registration uuid-binary -> org.hibernate.type.BasicTypeReference@316cda31
2025-04-16T10:34:28.980+02:00 DEBUG 5488 --- [           main] org.hibernate.type.BasicTypeRegistry     : Adding type registration uuid-char -> org.hibernate.type.BasicTypeReference@50110971
2025-04-16T10:34:28.981+02:00 DEBUG 5488 --- [           main] org.hibernate.type.BasicTypeRegistry     : Adding type registration class -> org.hibernate.type.BasicTypeReference@17d2b075
2025-04-16T10:34:28.981+02:00 DEBUG 5488 --- [           main] org.hibernate.type.BasicTypeRegistry     : Adding type registration java.lang.Class -> org.hibernate.type.BasicTypeReference@17d2b075
2025-04-16T10:34:28.981+02:00 DEBUG 5488 --- [           main] org.hibernate.type.BasicTypeRegistry     : Adding type registration currency -> org.hibernate.type.BasicTypeReference@6661d8c0
2025-04-16T10:34:28.981+02:00 DEBUG 5488 --- [           main] org.hibernate.type.BasicTypeRegistry     : Adding type registration Currency -> org.hibernate.type.BasicTypeReference@6661d8c0
2025-04-16T10:34:28.981+02:00 DEBUG 5488 --- [           main] org.hibernate.type.BasicTypeRegistry     : Adding type registration java.util.Currency -> org.hibernate.type.BasicTypeReference@6661d8c0
2025-04-16T10:34:28.981+02:00 DEBUG 5488 --- [           main] org.hibernate.type.BasicTypeRegistry     : Adding type registration locale -> org.hibernate.type.BasicTypeReference@6909f6be
2025-04-16T10:34:28.981+02:00 DEBUG 5488 --- [           main] org.hibernate.type.BasicTypeRegistry     : Adding type registration java.util.Locale -> org.hibernate.type.BasicTypeReference@6909f6be
2025-04-16T10:34:28.981+02:00 DEBUG 5488 --- [           main] org.hibernate.type.BasicTypeRegistry     : Adding type registration serializable -> org.hibernate.type.BasicTypeReference@6b5ab2f2
2025-04-16T10:34:28.981+02:00 DEBUG 5488 --- [           main] org.hibernate.type.BasicTypeRegistry     : Adding type registration java.io.Serializable -> org.hibernate.type.BasicTypeReference@6b5ab2f2
2025-04-16T10:34:28.981+02:00 DEBUG 5488 --- [           main] org.hibernate.type.BasicTypeRegistry     : Adding type registration timezone -> org.hibernate.type.BasicTypeReference@315c081
2025-04-16T10:34:28.981+02:00 DEBUG 5488 --- [           main] org.hibernate.type.BasicTypeRegistry     : Adding type registration java.util.TimeZone -> org.hibernate.type.BasicTypeReference@315c081
2025-04-16T10:34:28.981+02:00 DEBUG 5488 --- [           main] org.hibernate.type.BasicTypeRegistry     : Adding type registration ZoneOffset -> org.hibernate.type.BasicTypeReference@6b2dd3df
2025-04-16T10:34:28.981+02:00 DEBUG 5488 --- [           main] org.hibernate.type.BasicTypeRegistry     : Adding type registration java.time.ZoneOffset -> org.hibernate.type.BasicTypeReference@6b2dd3df
2025-04-16T10:34:28.981+02:00 DEBUG 5488 --- [           main] org.hibernate.type.BasicTypeRegistry     : Adding type registration url -> org.hibernate.type.BasicTypeReference@4db77402
2025-04-16T10:34:28.981+02:00 DEBUG 5488 --- [           main] org.hibernate.type.BasicTypeRegistry     : Adding type registration java.net.URL -> org.hibernate.type.BasicTypeReference@4db77402
2025-04-16T10:34:28.981+02:00 DEBUG 5488 --- [           main] org.hibernate.type.BasicTypeRegistry     : Adding type registration vector -> org.hibernate.type.BasicTypeReference@73c48264
2025-04-16T10:34:28.981+02:00 DEBUG 5488 --- [           main] org.hibernate.type.BasicTypeRegistry     : Adding type registration row_version -> org.hibernate.type.BasicTypeReference@5ef85555
2025-04-16T10:34:28.981+02:00 DEBUG 5488 --- [           main] org.hibernate.type.BasicTypeRegistry     : Adding type registration object -> org.hibernate.type.JavaObjectType@5d05f453
2025-04-16T10:34:28.981+02:00 DEBUG 5488 --- [           main] org.hibernate.type.BasicTypeRegistry     : Adding type registration java.lang.Object -> org.hibernate.type.JavaObjectType@5d05f453
2025-04-16T10:34:28.981+02:00 DEBUG 5488 --- [           main] org.hibernate.type.BasicTypeRegistry     : Adding type registration null -> org.hibernate.type.NullType@24c685e7
2025-04-16T10:34:28.981+02:00 DEBUG 5488 --- [           main] org.hibernate.type.BasicTypeRegistry     : Adding type registration imm_date -> org.hibernate.type.BasicTypeReference@56554e7
2025-04-16T10:34:28.981+02:00 DEBUG 5488 --- [           main] org.hibernate.type.BasicTypeRegistry     : Adding type registration imm_time -> org.hibernate.type.BasicTypeReference@2f19ab6
2025-04-16T10:34:28.981+02:00 DEBUG 5488 --- [           main] org.hibernate.type.BasicTypeRegistry     : Adding type registration imm_timestamp -> org.hibernate.type.BasicTypeReference@305230ea
2025-04-16T10:34:28.981+02:00 DEBUG 5488 --- [           main] org.hibernate.type.BasicTypeRegistry     : Adding type registration imm_calendar -> org.hibernate.type.BasicTypeReference@2493f9a8
2025-04-16T10:34:28.981+02:00 DEBUG 5488 --- [           main] org.hibernate.type.BasicTypeRegistry     : Adding type registration imm_calendar_date -> org.hibernate.type.BasicTypeReference@b7e53b1
2025-04-16T10:34:28.981+02:00 DEBUG 5488 --- [           main] org.hibernate.type.BasicTypeRegistry     : Adding type registration imm_calendar_time -> org.hibernate.type.BasicTypeReference@5545c42
2025-04-16T10:34:28.981+02:00 DEBUG 5488 --- [           main] org.hibernate.type.BasicTypeRegistry     : Adding type registration imm_binary -> org.hibernate.type.BasicTypeReference@2420e962
2025-04-16T10:34:28.981+02:00 DEBUG 5488 --- [           main] org.hibernate.type.BasicTypeRegistry     : Adding type registration imm_serializable -> org.hibernate.type.BasicTypeReference@1fc51af7
2025-04-16T10:34:28.982+02:00 DEBUG 5488 --- [           main] o.h.boot.internal.BootstrapContextImpl   : Injecting JPA temp ClassLoader [org.springframework.instrument.classloading.SimpleThrowawayClassLoader@41cec7b0] into BootstrapContext; was [null]
2025-04-16T10:34:28.982+02:00 DEBUG 5488 --- [           main] o.h.boot.internal.ClassLoaderAccessImpl  : ClassLoaderAccessImpl#injectTempClassLoader(org.springframework.instrument.classloading.SimpleThrowawayClassLoader@41cec7b0) [was null]
2025-04-16T10:34:28.982+02:00 DEBUG 5488 --- [           main] o.h.boot.internal.BootstrapContextImpl   : Injecting ScanEnvironment [org.hibernate.jpa.boot.internal.StandardJpaScanEnvironmentImpl@62065d12] into BootstrapContext; was [null]
2025-04-16T10:34:28.982+02:00 DEBUG 5488 --- [           main] o.h.boot.internal.BootstrapContextImpl   : Injecting ScanOptions [org.hibernate.boot.archive.scan.internal.StandardScanOptions@5523f107] into BootstrapContext; was [org.hibernate.boot.archive.scan.internal.StandardScanOptions@4ae836cf]
2025-04-16T10:34:28.984+02:00  INFO 5488 --- [           main] o.s.o.j.p.SpringPersistenceUnitInfo      : No LoadTimeWeaver setup: ignoring JPA class transformer
2025-04-16T10:34:28.984+02:00 DEBUG 5488 --- [           main] o.h.boot.internal.BootstrapContextImpl   : Injecting JPA temp ClassLoader [null] into BootstrapContext; was [org.springframework.instrument.classloading.SimpleThrowawayClassLoader@41cec7b0]
2025-04-16T10:34:28.984+02:00 DEBUG 5488 --- [           main] o.h.boot.internal.ClassLoaderAccessImpl  : ClassLoaderAccessImpl#injectTempClassLoader(null) [was org.springframework.instrument.classloading.SimpleThrowawayClassLoader@41cec7b0]
2025-04-16T10:34:28.984+02:00 DEBUG 5488 --- [           main] o.s.j.datasource.SimpleDriverDataSource  : Creating new JDBC Driver Connection to [jdbc:h2:mem:312398af-d95c-42bc-b737-6cb4d2803edc;DB_CLOSE_DELAY=-1;DB_CLOSE_ON_EXIT=false]
2025-04-16T10:34:28.985+02:00 DEBUG 5488 --- [           main] o.h.e.j.e.i.JdbcEnvironmentInitiator     : Database ->
       name : H2
    version : 2.2.224 (2023-09-17)
      major : 2
      minor : 2
2025-04-16T10:34:28.985+02:00 DEBUG 5488 --- [           main] o.h.e.j.e.i.JdbcEnvironmentInitiator     : Driver ->
       name : H2 JDBC Driver
    version : 2.2.224 (2023-09-17)
      major : 2
      minor : 2
2025-04-16T10:34:28.985+02:00 DEBUG 5488 --- [           main] o.h.e.j.e.i.JdbcEnvironmentInitiator     : JDBC version : 4.2
2025-04-16T10:34:28.985+02:00  WARN 5488 --- [           main] org.hibernate.orm.deprecation            : HHH90000025: H2Dialect does not need to be specified explicitly using 'hibernate.dialect' (remove the property setting and it will be selected by default)
2025-04-16T10:34:28.985+02:00 DEBUG 5488 --- [           main] org.hibernate.orm.dialect                : HHH035001: Using dialect: org.hibernate.dialect.H2Dialect, version: 2.2.224
2025-04-16T10:34:28.985+02:00 DEBUG 5488 --- [           main] o.h.e.j.env.spi.IdentifierHelperBuilder  : JDBC driver metadata reported database stores quoted identifiers in neither upper, lower nor mixed case
2025-04-16T10:34:28.985+02:00 DEBUG 5488 --- [           main] o.h.t.d.jdbc.spi.JdbcTypeRegistry        : addDescriptor(NCharTypeDescriptor) replaced previous registration(CharTypeDescriptor)
2025-04-16T10:34:28.985+02:00 DEBUG 5488 --- [           main] o.h.t.d.jdbc.spi.JdbcTypeRegistry        : addDescriptor(NVarcharTypeDescriptor) replaced previous registration(VarcharTypeDescriptor)
2025-04-16T10:34:28.985+02:00 DEBUG 5488 --- [           main] o.h.t.d.jdbc.spi.JdbcTypeRegistry        : addDescriptor(LongNVarcharTypeDescriptor) replaced previous registration(LongVarcharTypeDescriptor)
2025-04-16T10:34:28.986+02:00 DEBUG 5488 --- [           main] o.h.t.d.jdbc.spi.JdbcTypeRegistry        : addDescriptor(NClobTypeDescriptor(DEFAULT)) replaced previous registration(ClobTypeDescriptor(DEFAULT))
2025-04-16T10:34:28.986+02:00 DEBUG 5488 --- [           main] o.h.t.d.jdbc.spi.JdbcTypeRegistry        : addDescriptor(2005, ClobTypeDescriptor(STREAM_BINDING)) replaced previous registration(ClobTypeDescriptor(DEFAULT))
2025-04-16T10:34:28.986+02:00 DEBUG 5488 --- [           main] o.h.t.d.jdbc.spi.JdbcTypeRegistry        : addDescriptor(TimestampUtcDescriptor) replaced previous registration(TimestampUtcDescriptor)
2025-04-16T10:34:28.986+02:00 DEBUG 5488 --- [           main] org.hibernate.type.BasicTypeRegistry     : Adding type registration org.hibernate.type.DurationType -> basicType@22(java.time.Duration,3015)
2025-04-16T10:34:28.986+02:00 DEBUG 5488 --- [           main] org.hibernate.type.BasicTypeRegistry     : Adding type registration Duration -> basicType@22(java.time.Duration,3015)
2025-04-16T10:34:28.986+02:00 DEBUG 5488 --- [           main] org.hibernate.type.BasicTypeRegistry     : Adding type registration java.time.Duration -> basicType@22(java.time.Duration,3015)
2025-04-16T10:34:28.986+02:00 DEBUG 5488 --- [           main] o.h.type.spi.TypeConfiguration$Scope     : Scoping TypeConfiguration [org.hibernate.type.spi.TypeConfiguration@5f9cb96f] to MetadataBuildingContext [org.hibernate.boot.internal.MetadataBuildingContextRootImpl@45295bed]
2025-04-16T10:34:28.986+02:00 DEBUG 5488 --- [           main] o.h.boot.model.relational.Namespace      : Created database namespace [logicalName=Name{catalog=null, schema=null}, physicalName=Name{catalog=null, schema=null}]
2025-04-16T10:34:28.987+02:00 DEBUG 5488 --- [           main] o.h.boot.model.internal.EntityBinder     : Binding entity from annotated class: com.lexicon.springws.entity.AppUser
2025-04-16T10:34:28.987+02:00 DEBUG 5488 --- [           main] o.h.boot.model.internal.EntityBinder     : Import with entity name AppUser
2025-04-16T10:34:28.987+02:00 DEBUG 5488 --- [           main] o.h.boot.model.internal.EntityBinder     : Bind entity com.lexicon.springws.entity.AppUser on table app_users
2025-04-16T10:34:28.987+02:00 DEBUG 5488 --- [           main] o.h.boot.model.internal.AnnotatedColumn  : Binding column: AnnotatedDiscriminatorColumn(column='DTYPE')
2025-04-16T10:34:28.988+02:00 DEBUG 5488 --- [           main] o.h.boot.model.internal.AnnotatedColumn  : Binding column: AnnotatedColumn()
2025-04-16T10:34:28.988+02:00 DEBUG 5488 --- [           main] o.h.boot.internal.ClassLoaderAccessImpl  : Not known whether passed class name [com.lexicon.springws.entity.AppUser] is safe
2025-04-16T10:34:28.988+02:00 DEBUG 5488 --- [           main] o.h.boot.internal.ClassLoaderAccessImpl  : No temp ClassLoader provided; using live ClassLoader for loading potentially unsafe class : com.lexicon.springws.entity.AppUser
2025-04-16T10:34:28.988+02:00 DEBUG 5488 --- [           main] o.h.boot.model.internal.PropertyBinder   : MetadataSourceProcessor property id with lazy=false
2025-04-16T10:34:28.988+02:00 DEBUG 5488 --- [           main] o.h.b.m.internal.AbstractPropertyHolder  : Attempting to locate auto-apply AttributeConverter for property [com.lexicon.springws.entity.AppUser:id]
2025-04-16T10:34:28.988+02:00 DEBUG 5488 --- [           main] o.h.b.model.internal.BasicValueBinder    : building BasicValue for id
2025-04-16T10:34:28.988+02:00 DEBUG 5488 --- [           main] org.hibernate.mapping.BasicValue         : Skipping column re-registration: app_users.id
2025-04-16T10:34:28.988+02:00 DEBUG 5488 --- [           main] o.h.boot.model.internal.PropertyBinder   : Building property id
2025-04-16T10:34:28.988+02:00 DEBUG 5488 --- [           main] o.h.boot.model.internal.BinderHelper     : #makeIdGenerator(BasicValue([Column(id)]), id, identity, , ...)
2025-04-16T10:34:28.988+02:00 DEBUG 5488 --- [           main] o.h.boot.model.internal.AnnotatedColumn  : Binding column: AnnotatedColumn()
2025-04-16T10:34:28.988+02:00 DEBUG 5488 --- [           main] o.h.boot.model.internal.PropertyBinder   : MetadataSourceProcessor property password with lazy=false
2025-04-16T10:34:28.988+02:00 DEBUG 5488 --- [           main] o.h.b.m.internal.AbstractPropertyHolder  : Attempting to locate auto-apply AttributeConverter for property [com.lexicon.springws.entity.AppUser:password]
2025-04-16T10:34:28.988+02:00 DEBUG 5488 --- [           main] o.h.b.model.internal.BasicValueBinder    : building BasicValue for password
2025-04-16T10:34:28.988+02:00 DEBUG 5488 --- [           main] org.hibernate.mapping.BasicValue         : Skipping column re-registration: app_users.password
2025-04-16T10:34:28.989+02:00 DEBUG 5488 --- [           main] o.h.boot.model.internal.PropertyBinder   : Building property password
2025-04-16T10:34:28.989+02:00 DEBUG 5488 --- [           main] o.h.boot.model.internal.AnnotatedColumn  : Binding column: AnnotatedColumn()
2025-04-16T10:34:28.989+02:00 DEBUG 5488 --- [           main] o.h.boot.model.internal.PropertyBinder   : MetadataSourceProcessor property username with lazy=false
2025-04-16T10:34:28.989+02:00 DEBUG 5488 --- [           main] o.h.b.m.internal.AbstractPropertyHolder  : Attempting to locate auto-apply AttributeConverter for property [com.lexicon.springws.entity.AppUser:username]
2025-04-16T10:34:28.989+02:00 DEBUG 5488 --- [           main] o.h.b.model.internal.BasicValueBinder    : building BasicValue for username
2025-04-16T10:34:28.989+02:00 DEBUG 5488 --- [           main] org.hibernate.mapping.BasicValue         : Skipping column re-registration: app_users.username
2025-04-16T10:34:28.989+02:00 DEBUG 5488 --- [           main] o.h.boot.model.internal.PropertyBinder   : Building property username
2025-04-16T10:34:28.990+02:00 DEBUG 5488 --- [           main] o.h.b.r.c.i.ClassLoaderServiceImpl       : HHH000194: Package not found or wo package-info.java: com.lexicon.springws.entity
2025-04-16T10:34:28.990+02:00 DEBUG 5488 --- [           main] o.h.boot.model.internal.EntityBinder     : Binding entity from annotated class: com.lexicon.springws.entity.Author
2025-04-16T10:34:28.990+02:00 DEBUG 5488 --- [           main] o.h.boot.model.internal.EntityBinder     : Import with entity name Author
2025-04-16T10:34:28.991+02:00 DEBUG 5488 --- [           main] o.h.boot.model.internal.EntityBinder     : Bind entity com.lexicon.springws.entity.Author on table author
2025-04-16T10:34:28.991+02:00 DEBUG 5488 --- [           main] o.h.boot.model.internal.AnnotatedColumn  : Binding column: AnnotatedDiscriminatorColumn(column='DTYPE')
2025-04-16T10:34:28.991+02:00 DEBUG 5488 --- [           main] o.h.boot.model.internal.AnnotatedColumn  : Binding column: AnnotatedColumn()
2025-04-16T10:34:28.991+02:00 DEBUG 5488 --- [           main] o.h.boot.internal.ClassLoaderAccessImpl  : Not known whether passed class name [com.lexicon.springws.entity.Author] is safe
2025-04-16T10:34:28.991+02:00 DEBUG 5488 --- [           main] o.h.boot.internal.ClassLoaderAccessImpl  : No temp ClassLoader provided; using live ClassLoader for loading potentially unsafe class : com.lexicon.springws.entity.Author
2025-04-16T10:34:28.991+02:00 DEBUG 5488 --- [           main] o.h.boot.model.internal.PropertyBinder   : MetadataSourceProcessor property authorId with lazy=false
2025-04-16T10:34:28.991+02:00 DEBUG 5488 --- [           main] o.h.b.m.internal.AbstractPropertyHolder  : Attempting to locate auto-apply AttributeConverter for property [com.lexicon.springws.entity.Author:authorId]
2025-04-16T10:34:28.991+02:00 DEBUG 5488 --- [           main] o.h.b.model.internal.BasicValueBinder    : building BasicValue for authorId
2025-04-16T10:34:28.991+02:00 DEBUG 5488 --- [           main] org.hibernate.mapping.BasicValue         : Skipping column re-registration: author.author_id
2025-04-16T10:34:28.991+02:00 DEBUG 5488 --- [           main] o.h.boot.model.internal.PropertyBinder   : Building property authorId
2025-04-16T10:34:28.991+02:00 DEBUG 5488 --- [           main] o.h.boot.model.internal.BinderHelper     : #makeIdGenerator(BasicValue([Column(author_id)]), authorId, identity, , ...)
2025-04-16T10:34:28.993+02:00 DEBUG 5488 --- [           main] o.h.boot.model.internal.AnnotatedColumn  : Binding column: AnnotatedJoinColumn()
2025-04-16T10:34:28.993+02:00 DEBUG 5488 --- [           main] o.h.boot.model.internal.AnnotatedColumn  : Binding column: AnnotatedColumn()
2025-04-16T10:34:28.993+02:00 DEBUG 5488 --- [           main] o.h.boot.model.internal.AnnotatedColumn  : Binding column: IndexColumn(column='books_ORDER')
2025-04-16T10:34:28.993+02:00 DEBUG 5488 --- [           main] o.h.boot.model.internal.AnnotatedColumn  : Binding column: AnnotatedColumn()
2025-04-16T10:34:28.994+02:00 DEBUG 5488 --- [           main] o.h.boot.model.internal.AnnotatedColumn  : Binding column: AnnotatedColumn(column='books_KEY')
2025-04-16T10:34:28.994+02:00 DEBUG 5488 --- [           main] o.h.boot.model.internal.AnnotatedColumn  : Binding column: AnnotatedJoinColumn(column='books_KEY')
2025-04-16T10:34:28.994+02:00 DEBUG 5488 --- [           main] o.h.boot.model.internal.AnnotatedColumn  : Binding column: AnnotatedJoinColumn()
2025-04-16T10:34:28.994+02:00 DEBUG 5488 --- [           main] o.h.boot.model.internal.AnnotatedColumn  : Binding column: AnnotatedJoinColumn()
2025-04-16T10:34:28.994+02:00 DEBUG 5488 --- [           main] o.h.b.model.internal.CollectionBinder    : Collection role: com.lexicon.springws.entity.Author.books
2025-04-16T10:34:28.994+02:00 DEBUG 5488 --- [           main] o.h.boot.model.internal.PropertyBinder   : Building property books
2025-04-16T10:34:28.994+02:00 DEBUG 5488 --- [           main] o.h.boot.model.internal.AnnotatedColumn  : Binding column: AnnotatedColumn()
2025-04-16T10:34:28.994+02:00 DEBUG 5488 --- [           main] o.h.boot.model.internal.PropertyBinder   : MetadataSourceProcessor property email with lazy=false
2025-04-16T10:34:28.994+02:00 DEBUG 5488 --- [           main] o.h.b.m.internal.AbstractPropertyHolder  : Attempting to locate auto-apply AttributeConverter for property [com.lexicon.springws.entity.Author:email]
2025-04-16T10:34:28.994+02:00 DEBUG 5488 --- [           main] o.h.b.model.internal.BasicValueBinder    : building BasicValue for email
2025-04-16T10:34:28.994+02:00 DEBUG 5488 --- [           main] org.hibernate.mapping.BasicValue         : Skipping column re-registration: author.email
2025-04-16T10:34:28.994+02:00 DEBUG 5488 --- [           main] o.h.boot.model.internal.PropertyBinder   : Building property email
2025-04-16T10:34:28.995+02:00 DEBUG 5488 --- [           main] o.h.boot.model.internal.AnnotatedColumn  : Binding column: AnnotatedColumn()
2025-04-16T10:34:28.995+02:00 DEBUG 5488 --- [           main] o.h.boot.model.internal.PropertyBinder   : MetadataSourceProcessor property name with lazy=false
2025-04-16T10:34:28.995+02:00 DEBUG 5488 --- [           main] o.h.b.m.internal.AbstractPropertyHolder  : Attempting to locate auto-apply AttributeConverter for property [com.lexicon.springws.entity.Author:name]
2025-04-16T10:34:28.995+02:00 DEBUG 5488 --- [           main] o.h.b.model.internal.BasicValueBinder    : building BasicValue for name
2025-04-16T10:34:28.995+02:00 DEBUG 5488 --- [           main] org.hibernate.mapping.BasicValue         : Skipping column re-registration: author.name
2025-04-16T10:34:28.995+02:00 DEBUG 5488 --- [           main] o.h.boot.model.internal.PropertyBinder   : Building property name
2025-04-16T10:34:28.995+02:00 DEBUG 5488 --- [           main] o.h.b.r.c.i.ClassLoaderServiceImpl       : HHH000194: Package not found or wo package-info.java: com.lexicon.springws.entity
2025-04-16T10:34:28.997+02:00 DEBUG 5488 --- [           main] o.h.boot.model.internal.EntityBinder     : Binding entity from annotated class: com.lexicon.springws.entity.Book
2025-04-16T10:34:28.997+02:00 DEBUG 5488 --- [           main] o.h.boot.model.internal.EntityBinder     : Import with entity name Book
2025-04-16T10:34:28.997+02:00 DEBUG 5488 --- [           main] o.h.boot.model.internal.EntityBinder     : Bind entity com.lexicon.springws.entity.Book on table books
2025-04-16T10:34:28.997+02:00 DEBUG 5488 --- [           main] o.h.boot.model.internal.AnnotatedColumn  : Binding column: AnnotatedDiscriminatorColumn(column='DTYPE')
2025-04-16T10:34:28.998+02:00 DEBUG 5488 --- [           main] o.h.boot.model.internal.AnnotatedColumn  : Binding column: AnnotatedColumn()
2025-04-16T10:34:28.998+02:00 DEBUG 5488 --- [           main] o.h.boot.internal.ClassLoaderAccessImpl  : Not known whether passed class name [com.lexicon.springws.entity.Book] is safe
2025-04-16T10:34:28.998+02:00 DEBUG 5488 --- [           main] o.h.boot.internal.ClassLoaderAccessImpl  : No temp ClassLoader provided; using live ClassLoader for loading potentially unsafe class : com.lexicon.springws.entity.Book
2025-04-16T10:34:28.998+02:00 DEBUG 5488 --- [           main] o.h.boot.model.internal.PropertyBinder   : MetadataSourceProcessor property id with lazy=false
2025-04-16T10:34:28.998+02:00 DEBUG 5488 --- [           main] o.h.b.m.internal.AbstractPropertyHolder  : Attempting to locate auto-apply AttributeConverter for property [com.lexicon.springws.entity.Book:id]
2025-04-16T10:34:28.998+02:00 DEBUG 5488 --- [           main] o.h.b.model.internal.BasicValueBinder    : building BasicValue for id
2025-04-16T10:34:28.998+02:00 DEBUG 5488 --- [           main] org.hibernate.mapping.BasicValue         : Skipping column re-registration: books.id
2025-04-16T10:34:28.999+02:00 DEBUG 5488 --- [           main] o.h.boot.model.internal.PropertyBinder   : Building property id
2025-04-16T10:34:28.999+02:00 DEBUG 5488 --- [           main] o.h.boot.model.internal.BinderHelper     : #makeIdGenerator(BasicValue([Column(id)]), id, identity, , ...)
2025-04-16T10:34:28.999+02:00 DEBUG 5488 --- [           main] o.h.boot.model.internal.AnnotatedColumn  : Binding column: AnnotatedJoinColumn(column='author_id')
2025-04-16T10:34:28.999+02:00 DEBUG 5488 --- [           main] o.h.boot.model.internal.AnnotatedColumn  : Binding column: AnnotatedColumn()
2025-04-16T10:34:28.999+02:00 DEBUG 5488 --- [           main] o.h.boot.model.internal.PropertyBinder   : Building property author
2025-04-16T10:34:29.000+02:00 DEBUG 5488 --- [           main] o.h.boot.model.internal.AnnotatedColumn  : Binding column: AnnotatedColumn(column='available')
2025-04-16T10:34:29.000+02:00 DEBUG 5488 --- [           main] o.h.boot.model.internal.PropertyBinder   : MetadataSourceProcessor property available with lazy=false
2025-04-16T10:34:29.000+02:00 DEBUG 5488 --- [           main] o.h.b.m.internal.AbstractPropertyHolder  : Attempting to locate auto-apply AttributeConverter for property [com.lexicon.springws.entity.Book:available]
2025-04-16T10:34:29.000+02:00 DEBUG 5488 --- [           main] o.h.b.model.internal.BasicValueBinder    : building BasicValue for available
2025-04-16T10:34:29.000+02:00 DEBUG 5488 --- [           main] org.hibernate.mapping.BasicValue         : Skipping column re-registration: books.available
2025-04-16T10:34:29.000+02:00 DEBUG 5488 --- [           main] o.h.boot.model.internal.PropertyBinder   : Building property available
2025-04-16T10:34:29.000+02:00 DEBUG 5488 --- [           main] o.h.boot.model.internal.AnnotatedColumn  : Binding column: AnnotatedJoinColumn()
2025-04-16T10:34:29.000+02:00 DEBUG 5488 --- [           main] o.h.boot.model.internal.AnnotatedColumn  : Binding column: AnnotatedColumn()
2025-04-16T10:34:29.001+02:00 DEBUG 5488 --- [           main] o.h.boot.model.internal.AnnotatedColumn  : Binding column: IndexColumn(column='bookLoans_ORDER')
2025-04-16T10:34:29.001+02:00 DEBUG 5488 --- [           main] o.h.boot.model.internal.AnnotatedColumn  : Binding column: AnnotatedColumn()
2025-04-16T10:34:29.001+02:00 DEBUG 5488 --- [           main] o.h.boot.model.internal.AnnotatedColumn  : Binding column: AnnotatedColumn(column='bookLoans_KEY')
2025-04-16T10:34:29.001+02:00 DEBUG 5488 --- [           main] o.h.boot.model.internal.AnnotatedColumn  : Binding column: AnnotatedJoinColumn(column='bookLoans_KEY')
2025-04-16T10:34:29.001+02:00 DEBUG 5488 --- [           main] o.h.boot.model.internal.AnnotatedColumn  : Binding column: AnnotatedJoinColumn()
2025-04-16T10:34:29.001+02:00 DEBUG 5488 --- [           main] o.h.boot.model.internal.AnnotatedColumn  : Binding column: AnnotatedJoinColumn()
2025-04-16T10:34:29.001+02:00 DEBUG 5488 --- [           main] o.h.b.model.internal.CollectionBinder    : Collection role: com.lexicon.springws.entity.Book.bookLoans
2025-04-16T10:34:29.001+02:00 DEBUG 5488 --- [           main] o.h.boot.model.internal.PropertyBinder   : Building property bookLoans
2025-04-16T10:34:29.001+02:00 DEBUG 5488 --- [           main] o.h.boot.model.internal.AnnotatedColumn  : Binding column: AnnotatedColumn()
2025-04-16T10:34:29.001+02:00 DEBUG 5488 --- [           main] o.h.boot.model.internal.PropertyBinder   : MetadataSourceProcessor property isbn with lazy=false
2025-04-16T10:34:29.001+02:00 DEBUG 5488 --- [           main] o.h.b.m.internal.AbstractPropertyHolder  : Attempting to locate auto-apply AttributeConverter for property [com.lexicon.springws.entity.Book:isbn]
2025-04-16T10:34:29.002+02:00 DEBUG 5488 --- [           main] o.h.b.model.internal.BasicValueBinder    : building BasicValue for isbn
2025-04-16T10:34:29.002+02:00 DEBUG 5488 --- [           main] org.hibernate.mapping.BasicValue         : Skipping column re-registration: books.isbn
2025-04-16T10:34:29.002+02:00 DEBUG 5488 --- [           main] o.h.boot.model.internal.PropertyBinder   : Building property isbn
2025-04-16T10:34:29.002+02:00 DEBUG 5488 --- [           main] o.h.boot.model.internal.AnnotatedColumn  : Binding column: AnnotatedColumn(column='max_loan_days')
2025-04-16T10:34:29.002+02:00 DEBUG 5488 --- [           main] o.h.boot.model.internal.PropertyBinder   : MetadataSourceProcessor property maxLoanDays with lazy=false
2025-04-16T10:34:29.002+02:00 DEBUG 5488 --- [           main] o.h.b.m.internal.AbstractPropertyHolder  : Attempting to locate auto-apply AttributeConverter for property [com.lexicon.springws.entity.Book:maxLoanDays]
2025-04-16T10:34:29.002+02:00 DEBUG 5488 --- [           main] o.h.b.model.internal.BasicValueBinder    : building BasicValue for maxLoanDays
2025-04-16T10:34:29.002+02:00 DEBUG 5488 --- [           main] org.hibernate.mapping.BasicValue         : Skipping column re-registration: books.max_loan_days
2025-04-16T10:34:29.002+02:00 DEBUG 5488 --- [           main] o.h.boot.model.internal.PropertyBinder   : Building property maxLoanDays
2025-04-16T10:34:29.002+02:00 DEBUG 5488 --- [           main] o.h.boot.model.internal.AnnotatedColumn  : Binding column: AnnotatedColumn()
2025-04-16T10:34:29.002+02:00 DEBUG 5488 --- [           main] o.h.boot.model.internal.PropertyBinder   : MetadataSourceProcessor property title with lazy=false
2025-04-16T10:34:29.002+02:00 DEBUG 5488 --- [           main] o.h.b.m.internal.AbstractPropertyHolder  : Attempting to locate auto-apply AttributeConverter for property [com.lexicon.springws.entity.Book:title]
2025-04-16T10:34:29.002+02:00 DEBUG 5488 --- [           main] o.h.b.model.internal.BasicValueBinder    : building BasicValue for title
2025-04-16T10:34:29.002+02:00 DEBUG 5488 --- [           main] org.hibernate.mapping.BasicValue         : Skipping column re-registration: books.title
2025-04-16T10:34:29.002+02:00 DEBUG 5488 --- [           main] o.h.boot.model.internal.PropertyBinder   : Building property title
2025-04-16T10:34:29.003+02:00 DEBUG 5488 --- [           main] o.h.b.r.c.i.ClassLoaderServiceImpl       : HHH000194: Package not found or wo package-info.java: com.lexicon.springws.entity
2025-04-16T10:34:29.003+02:00 DEBUG 5488 --- [           main] o.h.boot.model.internal.EntityBinder     : Binding entity from annotated class: com.lexicon.springws.entity.BookLoan
2025-04-16T10:34:29.004+02:00 DEBUG 5488 --- [           main] o.h.boot.model.internal.EntityBinder     : Import with entity name BookLoan
2025-04-16T10:34:29.004+02:00 DEBUG 5488 --- [           main] o.h.boot.model.internal.EntityBinder     : Bind entity com.lexicon.springws.entity.BookLoan on table book_loans
2025-04-16T10:34:29.004+02:00 DEBUG 5488 --- [           main] o.h.boot.model.internal.AnnotatedColumn  : Binding column: AnnotatedDiscriminatorColumn(column='DTYPE')
2025-04-16T10:34:29.004+02:00 DEBUG 5488 --- [           main] o.h.boot.model.internal.AnnotatedColumn  : Binding column: AnnotatedColumn()
2025-04-16T10:34:29.004+02:00 DEBUG 5488 --- [           main] o.h.boot.internal.ClassLoaderAccessImpl  : Not known whether passed class name [com.lexicon.springws.entity.BookLoan] is safe
2025-04-16T10:34:29.004+02:00 DEBUG 5488 --- [           main] o.h.boot.internal.ClassLoaderAccessImpl  : No temp ClassLoader provided; using live ClassLoader for loading potentially unsafe class : com.lexicon.springws.entity.BookLoan
2025-04-16T10:34:29.004+02:00 DEBUG 5488 --- [           main] o.h.boot.model.internal.PropertyBinder   : MetadataSourceProcessor property id with lazy=false
2025-04-16T10:34:29.004+02:00 DEBUG 5488 --- [           main] o.h.b.m.internal.AbstractPropertyHolder  : Attempting to locate auto-apply AttributeConverter for property [com.lexicon.springws.entity.BookLoan:id]
2025-04-16T10:34:29.005+02:00 DEBUG 5488 --- [           main] o.h.b.model.internal.BasicValueBinder    : building BasicValue for id
2025-04-16T10:34:29.005+02:00 DEBUG 5488 --- [           main] org.hibernate.mapping.BasicValue         : Skipping column re-registration: book_loans.id
2025-04-16T10:34:29.005+02:00 DEBUG 5488 --- [           main] o.h.boot.model.internal.PropertyBinder   : Building property id
2025-04-16T10:34:29.005+02:00 DEBUG 5488 --- [           main] o.h.boot.model.internal.BinderHelper     : #makeIdGenerator(BasicValue([Column(id)]), id, identity, , ...)
2025-04-16T10:34:29.005+02:00 DEBUG 5488 --- [           main] o.h.boot.model.internal.AnnotatedColumn  : Binding column: AnnotatedJoinColumn(column='book_id')
2025-04-16T10:34:29.005+02:00 DEBUG 5488 --- [           main] o.h.boot.model.internal.AnnotatedColumn  : Binding column: AnnotatedColumn()
2025-04-16T10:34:29.006+02:00 DEBUG 5488 --- [           main] o.h.boot.model.internal.PropertyBinder   : Building property book
2025-04-16T10:34:29.006+02:00 DEBUG 5488 --- [           main] o.h.boot.model.internal.AnnotatedColumn  : Binding column: AnnotatedJoinColumn(column='borrower_id')
2025-04-16T10:34:29.006+02:00 DEBUG 5488 --- [           main] o.h.boot.model.internal.AnnotatedColumn  : Binding column: AnnotatedColumn()
2025-04-16T10:34:29.006+02:00 DEBUG 5488 --- [           main] o.h.boot.model.internal.PropertyBinder   : Building property borrower
2025-04-16T10:34:29.006+02:00 DEBUG 5488 --- [           main] o.h.boot.model.internal.AnnotatedColumn  : Binding column: AnnotatedColumn(column='due_date')
2025-04-16T10:34:29.006+02:00 DEBUG 5488 --- [           main] o.h.boot.model.internal.PropertyBinder   : MetadataSourceProcessor property dueDate with lazy=false
2025-04-16T10:34:29.006+02:00 DEBUG 5488 --- [           main] o.h.b.m.internal.AbstractPropertyHolder  : Attempting to locate auto-apply AttributeConverter for property [com.lexicon.springws.entity.BookLoan:dueDate]
2025-04-16T10:34:29.006+02:00 DEBUG 5488 --- [           main] o.h.b.model.internal.BasicValueBinder    : building BasicValue for dueDate
2025-04-16T10:34:29.006+02:00 DEBUG 5488 --- [           main] org.hibernate.mapping.BasicValue         : Skipping column re-registration: book_loans.due_date
2025-04-16T10:34:29.006+02:00 DEBUG 5488 --- [           main] o.h.boot.model.internal.PropertyBinder   : Building property dueDate
2025-04-16T10:34:29.007+02:00 DEBUG 5488 --- [           main] o.h.boot.model.internal.AnnotatedColumn  : Binding column: AnnotatedColumn(column='loan_date')
2025-04-16T10:34:29.007+02:00 DEBUG 5488 --- [           main] o.h.boot.model.internal.PropertyBinder   : MetadataSourceProcessor property loanDate with lazy=false
2025-04-16T10:34:29.007+02:00 DEBUG 5488 --- [           main] o.h.b.m.internal.AbstractPropertyHolder  : Attempting to locate auto-apply AttributeConverter for property [com.lexicon.springws.entity.BookLoan:loanDate]
2025-04-16T10:34:29.007+02:00 DEBUG 5488 --- [           main] o.h.b.model.internal.BasicValueBinder    : building BasicValue for loanDate
2025-04-16T10:34:29.007+02:00 DEBUG 5488 --- [           main] org.hibernate.mapping.BasicValue         : Skipping column re-registration: book_loans.loan_date
2025-04-16T10:34:29.007+02:00 DEBUG 5488 --- [           main] o.h.boot.model.internal.PropertyBinder   : Building property loanDate
2025-04-16T10:34:29.007+02:00 DEBUG 5488 --- [           main] o.h.boot.model.internal.AnnotatedColumn  : Binding column: AnnotatedColumn(column='return_date')
2025-04-16T10:34:29.007+02:00 DEBUG 5488 --- [           main] o.h.boot.model.internal.PropertyBinder   : MetadataSourceProcessor property returnDate with lazy=false
2025-04-16T10:34:29.007+02:00 DEBUG 5488 --- [           main] o.h.b.m.internal.AbstractPropertyHolder  : Attempting to locate auto-apply AttributeConverter for property [com.lexicon.springws.entity.BookLoan:returnDate]
2025-04-16T10:34:29.007+02:00 DEBUG 5488 --- [           main] o.h.b.model.internal.BasicValueBinder    : building BasicValue for returnDate
2025-04-16T10:34:29.007+02:00 DEBUG 5488 --- [           main] org.hibernate.mapping.BasicValue         : Skipping column re-registration: book_loans.return_date
2025-04-16T10:34:29.007+02:00 DEBUG 5488 --- [           main] o.h.boot.model.internal.PropertyBinder   : Building property returnDate
2025-04-16T10:34:29.008+02:00 DEBUG 5488 --- [           main] o.h.b.r.c.i.ClassLoaderServiceImpl       : HHH000194: Package not found or wo package-info.java: com.lexicon.springws.entity
2025-04-16T10:34:29.009+02:00 DEBUG 5488 --- [           main] o.h.b.model.internal.BasicValueBinder    : Starting `BasicValueBinder#fillSimpleValue` for id
2025-04-16T10:34:29.009+02:00 DEBUG 5488 --- [           main] o.h.b.model.internal.BasicValueBinder    : Starting `BasicValueBinder#fillSimpleValue` for password
2025-04-16T10:34:29.009+02:00 DEBUG 5488 --- [           main] o.h.b.model.internal.BasicValueBinder    : Starting `BasicValueBinder#fillSimpleValue` for username
2025-04-16T10:34:29.009+02:00 DEBUG 5488 --- [           main] o.h.b.model.internal.BasicValueBinder    : Starting `BasicValueBinder#fillSimpleValue` for authorId
2025-04-16T10:34:29.009+02:00 DEBUG 5488 --- [           main] o.h.b.model.internal.BasicValueBinder    : Starting `BasicValueBinder#fillSimpleValue` for email
[...]
2025-04-16T10:34:29.424+02:00 DEBUG 5488 --- [           main] org.hibernate.orm.sql.exec               : Skipping reading Query result cache data: cache-enabled = false, cache-mode = NORMAL
2025-04-16T10:34:29.425+02:00 DEBUG 5488 --- [           main] org.hibernate.orm.results                : Initializer list:
	  com.lexicon.springws.entity.BookLoan(83591193356700) -> EntityResultInitializer(com.lexicon.springws.entity.BookLoan(83591193356700))@1545454825 (SingleTableEntityPersister(com.lexicon.springws.entity.BookLoan))
	  com.lexicon.springws.entity.BookLoan(83591193356700).borrower -> EntitySelectFetchInitializer(com.lexicon.springws.entity.BookLoan(83591193356700).borrower)@1999764372 (ToOneAttributeMapping(NavigableRole[com.lexicon.springws.entity.BookLoan.borrower])@580431625)
	  com.lexicon.springws.entity.BookLoan(83591193356700).book -> EntitySelectFetchInitializer(com.lexicon.springws.entity.BookLoan(83591193356700).book)@1216745400 (ToOneAttributeMapping(NavigableRole[com.lexicon.springws.entity.BookLoan.book])@588787021)

2025-04-16T10:34:29.425+02:00 DEBUG 5488 --- [           main] org.hibernate.SQL                        : 
    select
        bl1_0.id,
        bl1_0.book_id,
        bl1_0.borrower_id,
        bl1_0.due_date,
        bl1_0.loan_date,
        bl1_0.return_date 
    from
        book_loans bl1_0 
    where
        bl1_0.return_date is null
Hibernate: 
    select
        bl1_0.id,
        bl1_0.book_id,
        bl1_0.borrower_id,
        bl1_0.due_date,
        bl1_0.loan_date,
        bl1_0.return_date 
    from
        book_loans bl1_0 
    where
        bl1_0.return_date is null
2025-04-16T10:34:29.425+02:00 DEBUG 5488 --- [           main] org.hibernate.orm.results                : Extracted JDBC value [0] - [7]
2025-04-16T10:34:29.425+02:00 DEBUG 5488 --- [           main] o.hibernate.orm.results.loading.entity   : (EntityResultInitializer) Hydrated EntityKey (com.lexicon.springws.entity.BookLoan(83591193356700)): 7
2025-04-16T10:34:29.425+02:00 DEBUG 5488 --- [           main] org.hibernate.orm.results.loading        : Calling top-level assembler (0 / 1) : org.hibernate.sql.results.graph.entity.internal.EntityAssembler@79de9f90
2025-04-16T10:34:29.426+02:00 DEBUG 5488 --- [           main] org.springframework.test.context.cache   : Spring test ApplicationContext cache statistics: [DefaultContextCache@402adc9c size = 2, maxSize = 32, parentContextCount = 0, hitCount = 126, missCount = 2, failureCount = 0]
2025-04-16T10:34:29.426+02:00 DEBUG 5488 --- [           main] org.springframework.test.context.cache   : Spring test ApplicationContext cache statistics: [DefaultContextCache@402adc9c size = 2, maxSize = 32, parentContextCount = 0, hitCount = 127, missCount = 2, failureCount = 0]
2025-04-16T10:34:29.426+02:00 DEBUG 5488 --- [           main] org.springframework.test.context.cache   : Spring test ApplicationContext cache statistics: [DefaultContextCache@402adc9c size = 2, maxSize = 32, parentContextCount = 0, hitCount = 128, missCount = 2, failureCount = 0]
2025-04-16T10:34:29.426+02:00 DEBUG 5488 --- [           main] org.springframework.test.context.cache   : Spring test ApplicationContext cache statistics: [DefaultContextCache@402adc9c size = 2, maxSize = 32, parentContextCount = 0, hitCount = 129, missCount = 2, failureCount = 0]
2025-04-16T10:34:29.426+02:00 DEBUG 5488 --- [           main] org.springframework.test.context.cache   : Spring test ApplicationContext cache statistics: [DefaultContextCache@402adc9c size = 2, maxSize = 32, parentContextCount = 0, hitCount = 130, missCount = 2, failureCount = 0]
2025-04-16T10:34:29.426+02:00 DEBUG 5488 --- [           main] org.springframework.test.context.cache   : Spring test ApplicationContext cache statistics: [DefaultContextCache@402adc9c size = 2, maxSize = 32, parentContextCount = 0, hitCount = 131, missCount = 2, failureCount = 0]
2025-04-16T10:34:29.426+02:00 DEBUG 5488 --- [           main] o.s.orm.jpa.JpaTransactionManager        : Initiating transaction rollback
2025-04-16T10:34:29.426+02:00 DEBUG 5488 --- [           main] o.s.orm.jpa.JpaTransactionManager        : Rolling back JPA transaction on EntityManager [SessionImpl(1644057171<open>)]
2025-04-16T10:34:29.427+02:00 DEBUG 5488 --- [           main] o.h.e.t.internal.TransactionImpl         : rolling back
2025-04-16T10:34:29.427+02:00 DEBUG 5488 --- [           main] o.s.orm.jpa.JpaTransactionManager        : Closing JPA EntityManager [SessionImpl(1644057171<open>)] after transaction
2025-04-16T10:34:29.427+02:00 DEBUG 5488 --- [           main] o.s.t.c.transaction.TransactionContext   : Rolled back transaction (1) for test class [com.lexicon.springws.repository.BookLoanRepositoryTest]; test method [testFindByReturnDateIsNull]
2025-04-16T10:34:29.427+02:00 DEBUG 5488 --- [           main] .c.s.DirtiesContextTestExecutionListener : After test method: class [BookLoanRepositoryTest], method [testFindByReturnDateIsNull], class annotated with @DirtiesContext [false] with mode [null], method annotated with @DirtiesContext [false] with mode [null]
]]></system-out>
  </testcase>
  <testcase name="testMarkAsReturned" classname="com.lexicon.springws.repository.BookLoanRepositoryTest" time="0.03">
    <system-out><![CDATA[2025-04-16T10:34:29.428+02:00 DEBUG 5488 --- [           main] DependencyInjectionTestExecutionListener : Performing dependency injection for test class com.lexicon.springws.repository.BookLoanRepositoryTest
2025-04-16T10:34:29.429+02:00 DEBUG 5488 --- [           main] org.springframework.test.context.cache   : Spring test ApplicationContext cache statistics: [DefaultContextCache@402adc9c size = 2, maxSize = 32, parentContextCount = 0, hitCount = 132, missCount = 2, failureCount = 0]
2025-04-16T10:34:29.429+02:00 DEBUG 5488 --- [           main] org.springframework.test.context.cache   : Spring test ApplicationContext cache statistics: [DefaultContextCache@402adc9c size = 2, maxSize = 32, parentContextCount = 0, hitCount = 133, missCount = 2, failureCount = 0]
2025-04-16T10:34:29.431+02:00 DEBUG 5488 --- [           main] sContextBeforeModesTestExecutionListener : Before test method: class [BookLoanRepositoryTest], method [testMarkAsReturned], class annotated with @DirtiesContext [false] with mode [null], method annotated with @DirtiesContext [false] with mode [null]
2025-04-16T10:34:29.431+02:00 DEBUG 5488 --- [           main] t.c.t.TransactionalTestExecutionListener : Explicit transaction definition [PROPAGATION_REQUIRED,ISOLATION_DEFAULT] found for test class [com.lexicon.springws.repository.BookLoanRepositoryTest] and test method [testMarkAsReturned]
2025-04-16T10:34:29.432+02:00 DEBUG 5488 --- [           main] org.springframework.test.context.cache   : Spring test ApplicationContext cache statistics: [DefaultContextCache@402adc9c size = 2, maxSize = 32, parentContextCount = 0, hitCount = 134, missCount = 2, failureCount = 0]
2025-04-16T10:34:29.432+02:00 DEBUG 5488 --- [           main] t.c.t.TransactionalTestExecutionListener : No method-level @Rollback override: using default rollback [true] for test method [public void com.lexicon.springws.repository.BookLoanRepositoryTest.testMarkAsReturned()]
2025-04-16T10:34:29.432+02:00 DEBUG 5488 --- [           main] o.s.orm.jpa.JpaTransactionManager        : Creating new transaction with name [com.lexicon.springws.repository.BookLoanRepositoryTest.testMarkAsReturned]: PROPAGATION_REQUIRED,ISOLATION_DEFAULT
2025-04-16T10:34:29.432+02:00 DEBUG 5488 --- [           main] o.s.orm.jpa.JpaTransactionManager        : Opened new EntityManager [SessionImpl(22918364<open>)] for JPA transaction
2025-04-16T10:34:29.432+02:00 DEBUG 5488 --- [           main] o.h.e.t.internal.TransactionImpl         : On TransactionImpl creation, JpaCompliance#isJpaTransactionComplianceEnabled == false
2025-04-16T10:34:29.432+02:00 DEBUG 5488 --- [           main] o.h.e.t.internal.TransactionImpl         : begin
2025-04-16T10:34:29.432+02:00 DEBUG 5488 --- [           main] o.s.j.datasource.SimpleDriverDataSource  : Creating new JDBC Driver Connection to [jdbc:h2:mem:312398af-d95c-42bc-b737-6cb4d2803edc;DB_CLOSE_DELAY=-1;DB_CLOSE_ON_EXIT=false]
2025-04-16T10:34:29.433+02:00 DEBUG 5488 --- [           main] o.s.orm.jpa.JpaTransactionManager        : Exposing JPA transaction as JDBC [org.springframework.orm.jpa.vendor.HibernateJpaDialect$HibernateConnectionHandle@762261fd]
2025-04-16T10:34:29.433+02:00 DEBUG 5488 --- [           main] o.s.t.c.transaction.TransactionContext   : Began transaction (1) for test class [com.lexicon.springws.repository.BookLoanRepositoryTest]; test method [testMarkAsReturned]; transaction manager [org.springframework.orm.jpa.JpaTransactionManager@1d5e0621]; rollback [true]
2025-04-16T10:34:29.433+02:00 DEBUG 5488 --- [           main] org.springframework.test.context.cache   : Spring test ApplicationContext cache statistics: [DefaultContextCache@402adc9c size = 2, maxSize = 32, parentContextCount = 0, hitCount = 135, missCount = 2, failureCount = 0]
2025-04-16T10:34:29.433+02:00 DEBUG 5488 --- [           main] org.springframework.test.context.cache   : Spring test ApplicationContext cache statistics: [DefaultContextCache@402adc9c size = 2, maxSize = 32, parentContextCount = 0, hitCount = 136, missCount = 2, failureCount = 0]
2025-04-16T10:34:29.434+02:00 DEBUG 5488 --- [           main] org.springframework.test.context.cache   : Spring test ApplicationContext cache statistics: [DefaultContextCache@402adc9c size = 2, maxSize = 32, parentContextCount = 0, hitCount = 137, missCount = 2, failureCount = 0]
2025-04-16T10:34:29.434+02:00 DEBUG 5488 --- [           main] org.hibernate.engine.spi.ActionQueue     : Executing identity-insert immediately
2025-04-16T10:34:29.434+02:00 DEBUG 5488 --- [           main] org.hibernate.SQL                        : 
    insert 
    into
        author
        (email, name, author_id) 
    values
        (?, ?, default)
Hibernate: 
    insert 
    into
        author
        (email, name, author_id) 
    values
        (?, ?, default)
2025-04-16T10:34:29.436+02:00 DEBUG 5488 --- [           main] o.h.id.IdentifierGeneratorHelper         : Natively generated identity (com.lexicon.springws.entity.Author) : 7
2025-04-16T10:34:29.437+02:00 DEBUG 5488 --- [           main] org.hibernate.engine.spi.ActionQueue     : Executing identity-insert immediately
2025-04-16T10:34:29.437+02:00 DEBUG 5488 --- [           main] org.hibernate.SQL                        : 
    insert 
    into
        books
        (author_id, available, isbn, max_loan_days, title, id) 
    values
        (?, ?, ?, ?, ?, default)
Hibernate: 
    insert 
    into
        books
        (author_id, available, isbn, max_loan_days, title, id) 
    values
        (?, ?, ?, ?, ?, default)
2025-04-16T10:34:29.437+02:00 DEBUG 5488 --- [           main] o.h.id.IdentifierGeneratorHelper         : Natively generated identity (com.lexicon.springws.entity.Book) : 7
2025-04-16T10:34:29.437+02:00 DEBUG 5488 --- [           main] org.hibernate.engine.spi.ActionQueue     : Executing identity-insert immediately
2025-04-16T10:34:29.438+02:00 DEBUG 5488 --- [           main] org.hibernate.SQL                        : 
    insert 
    into
        app_users
        (password, username, id) 
    values
        (?, ?, default)
Hibernate: 
    insert 
    into
        app_users
        (password, username, id) 
    values
        (?, ?, default)
2025-04-16T10:34:29.438+02:00 DEBUG 5488 --- [           main] o.h.id.IdentifierGeneratorHelper         : Natively generated identity (com.lexicon.springws.entity.AppUser) : 7
2025-04-16T10:34:29.438+02:00 DEBUG 5488 --- [           main] org.hibernate.engine.spi.ActionQueue     : Executing identity-insert immediately
2025-04-16T10:34:29.439+02:00 DEBUG 5488 --- [           main] org.hibernate.SQL                        : 
    insert 
    into
        book_loans
        (book_id, borrower_id, due_date, loan_date, return_date, id) 
    values
        (?, ?, ?, ?, ?, default)
Hibernate: 
    insert 
    into
        book_loans
        (book_id, borrower_id, due_date, loan_date, return_date, id) 
    values
        (?, ?, ?, ?, ?, default)
2025-04-16T10:34:29.439+02:00 DEBUG 5488 --- [           main] o.h.id.IdentifierGeneratorHelper         : Natively generated identity (com.lexicon.springws.entity.BookLoan) : 9
2025-04-16T10:34:29.439+02:00 DEBUG 5488 --- [           main] o.h.e.i.AbstractFlushingEventListener    : Processing flush-time cascades
2025-04-16T10:34:29.440+02:00 DEBUG 5488 --- [           main] o.h.e.i.AbstractFlushingEventListener    : Dirty checking collections
2025-04-16T10:34:29.440+02:00 DEBUG 5488 --- [           main] o.hibernate.engine.internal.Collections  : Collection found: [com.lexicon.springws.entity.Author.books#7], was: [<unreferenced>] (initialized)
2025-04-16T10:34:29.440+02:00 DEBUG 5488 --- [           main] o.hibernate.engine.internal.Collections  : Collection found: [com.lexicon.springws.entity.Book.bookLoans#7], was: [<unreferenced>] (initialized)
2025-04-16T10:34:29.440+02:00 DEBUG 5488 --- [           main] o.h.e.i.AbstractFlushingEventListener    : Flushed: 0 insertions, 0 updates, 0 deletions to 4 objects
2025-04-16T10:34:29.440+02:00 DEBUG 5488 --- [           main] o.h.e.i.AbstractFlushingEventListener    : Flushed: 2 (re)creations, 0 updates, 0 removals to 2 collections
2025-04-16T10:34:29.440+02:00 DEBUG 5488 --- [           main] o.hibernate.internal.util.EntityPrinter  : Listing entities:
2025-04-16T10:34:29.441+02:00 DEBUG 5488 --- [           main] o.hibernate.internal.util.EntityPrinter  : com.lexicon.springws.entity.Author{books=[], name=Test Author, authorId=7, email=test@example.com}
2025-04-16T10:34:29.441+02:00 DEBUG 5488 --- [           main] o.hibernate.internal.util.EntityPrinter  : com.lexicon.springws.entity.Book{maxLoanDays=14, author=com.lexicon.springws.entity.Author#7, isbn=ISBN123466, available=true, bookLoans=[], id=7, title=Test Book}
2025-04-16T10:34:29.441+02:00 DEBUG 5488 --- [           main] o.hibernate.internal.util.EntityPrinter  : com.lexicon.springws.entity.BookLoan{returnDate=null, book=com.lexicon.springws.entity.Book#7, dueDate=2025-04-23, borrower=com.lexicon.springws.entity.AppUser#7, loanDate=2025-04-09, id=9}
2025-04-16T10:34:29.441+02:00 DEBUG 5488 --- [           main] o.hibernate.internal.util.EntityPrinter  : com.lexicon.springws.entity.AppUser{password=password, id=7, username=testuser6}
2025-04-16T10:34:29.441+02:00 DEBUG 5488 --- [           main] o.h.e.i.AbstractFlushingEventListener    : Processing flush-time cascades
2025-04-16T10:34:29.441+02:00 DEBUG 5488 --- [           main] o.h.e.i.AbstractFlushingEventListener    : Dirty checking collections
2025-04-16T10:34:29.442+02:00 DEBUG 5488 --- [           main] o.hibernate.engine.internal.Collections  : Collection found: [com.lexicon.springws.entity.Author.books#7], was: [com.lexicon.springws.entity.Author.books#7] (initialized)
2025-04-16T10:34:29.442+02:00 DEBUG 5488 --- [           main] o.hibernate.engine.internal.Collections  : Collection found: [com.lexicon.springws.entity.Book.bookLoans#7], was: [com.lexicon.springws.entity.Book.bookLoans#7] (initialized)
2025-04-16T10:34:29.446+02:00 DEBUG 5488 --- [           main] o.h.e.i.AbstractFlushingEventListener    : Flushed: 0 insertions, 1 updates, 0 deletions to 4 objects
2025-04-16T10:34:29.446+02:00 DEBUG 5488 --- [           main] o.h.e.i.AbstractFlushingEventListener    : Flushed: 0 (re)creations, 0 updates, 0 removals to 2 collections
2025-04-16T10:34:29.446+02:00 DEBUG 5488 --- [           main] o.hibernate.internal.util.EntityPrinter  : Listing entities:
2025-04-16T10:34:29.446+02:00 DEBUG 5488 --- [           main] o.hibernate.internal.util.EntityPrinter  : com.lexicon.springws.entity.Author{books=[], name=Test Author, authorId=7, email=test@example.com}
2025-04-16T10:34:29.447+02:00 DEBUG 5488 --- [           main] o.hibernate.internal.util.EntityPrinter  : com.lexicon.springws.entity.Book{maxLoanDays=14, author=com.lexicon.springws.entity.Author#7, isbn=ISBN123466, available=true, bookLoans=[], id=7, title=Test Book}
2025-04-16T10:34:29.447+02:00 DEBUG 5488 --- [           main] o.hibernate.internal.util.EntityPrinter  : com.lexicon.springws.entity.BookLoan{returnDate=2025-04-16, book=com.lexicon.springws.entity.Book#7, dueDate=2025-04-23, borrower=com.lexicon.springws.entity.AppUser#7, loanDate=2025-04-09, id=9}
2025-04-16T10:34:29.447+02:00 DEBUG 5488 --- [           main] o.hibernate.internal.util.EntityPrinter  : com.lexicon.springws.entity.AppUser{password=password, id=7, username=testuser6}
2025-04-16T10:34:29.454+02:00 DEBUG 5488 --- [           main] org.hibernate.SQL                        : 
    update
        book_loans 
    set
        book_id=?,
        borrower_id=?,
        due_date=?,
        loan_date=?,
        return_date=? 
    where
        id=?
Hibernate: 
    update
        book_loans 
    set
        book_id=?,
        borrower_id=?,
        due_date=?,
        loan_date=?,
        return_date=? 
    where
        id=?
2025-04-16T10:34:29.457+02:00 DEBUG 5488 --- [           main] org.springframework.test.context.cache   : Spring test ApplicationContext cache statistics: [DefaultContextCache@402adc9c size = 2, maxSize = 32, parentContextCount = 0, hitCount = 138, missCount = 2, failureCount = 0]
2025-04-16T10:34:29.457+02:00 DEBUG 5488 --- [           main] org.springframework.test.context.cache   : Spring test ApplicationContext cache statistics: [DefaultContextCache@402adc9c size = 2, maxSize = 32, parentContextCount = 0, hitCount = 139, missCount = 2, failureCount = 0]
2025-04-16T10:34:29.457+02:00 DEBUG 5488 --- [           main] org.springframework.test.context.cache   : Spring test ApplicationContext cache statistics: [DefaultContextCache@402adc9c size = 2, maxSize = 32, parentContextCount = 0, hitCount = 140, missCount = 2, failureCount = 0]
2025-04-16T10:34:29.457+02:00 DEBUG 5488 --- [           main] org.springframework.test.context.cache   : Spring test ApplicationContext cache statistics: [DefaultContextCache@402adc9c size = 2, maxSize = 32, parentContextCount = 0, hitCount = 141, missCount = 2, failureCount = 0]
2025-04-16T10:34:29.457+02:00 DEBUG 5488 --- [           main] org.springframework.test.context.cache   : Spring test ApplicationContext cache statistics: [DefaultContextCache@402adc9c size = 2, maxSize = 32, parentContextCount = 0, hitCount = 142, missCount = 2, failureCount = 0]
2025-04-16T10:34:29.459+02:00 DEBUG 5488 --- [           main] org.springframework.test.context.cache   : Spring test ApplicationContext cache statistics: [DefaultContextCache@402adc9c size = 2, maxSize = 32, parentContextCount = 0, hitCount = 143, missCount = 2, failureCount = 0]
2025-04-16T10:34:29.459+02:00 DEBUG 5488 --- [           main] o.s.orm.jpa.JpaTransactionManager        : Initiating transaction rollback
2025-04-16T10:34:29.459+02:00 DEBUG 5488 --- [           main] o.s.orm.jpa.JpaTransactionManager        : Rolling back JPA transaction on EntityManager [SessionImpl(22918364<open>)]
2025-04-16T10:34:29.459+02:00 DEBUG 5488 --- [           main] o.h.e.t.internal.TransactionImpl         : rolling back
2025-04-16T10:34:29.460+02:00 DEBUG 5488 --- [           main] o.s.orm.jpa.JpaTransactionManager        : Closing JPA EntityManager [SessionImpl(22918364<open>)] after transaction
2025-04-16T10:34:29.460+02:00 DEBUG 5488 --- [           main] o.s.t.c.transaction.TransactionContext   : Rolled back transaction (1) for test class [com.lexicon.springws.repository.BookLoanRepositoryTest]; test method [testMarkAsReturned]
2025-04-16T10:34:29.460+02:00 DEBUG 5488 --- [           main] .c.s.DirtiesContextTestExecutionListener : After test method: class [BookLoanRepositoryTest], method [testMarkAsReturned], class annotated with @DirtiesContext [false] with mode [null], method annotated with @DirtiesContext [false] with mode [null]
]]></system-out>
  </testcase>
</testsuite>